[ 2016-10-19T09:59:02+08:00 ] 127.0.0.1 /index.php/index/index.html
INFO: [ app_init ] --START--
INFO: Run Behavior\BuildLiteBehavior [ RunTime:0.000010s ]
INFO: [ app_init ] --END-- [ RunTime:0.000350s ]
INFO: [ app_begin ] --START--
INFO: Run Behavior\ReadHtmlCacheBehavior [ RunTime:0.000813s ]
INFO: [ app_begin ] --END-- [ RunTime:0.000860s ]
SQL: SHOW COLUMNS FROM `queue` [ RunTime:0.0027s ]
SQL: SHOW COLUMNS FROM `queue` [ RunTime:0.0014s ]
SQL: SELECT `id`,`name`,`num`,`download`,`created_time`,`created_ip`,`status`,`remark` FROM `queue` ORDER BY id LIMIT 5   [ RunTime:0.0015s ]
SQL: SELECT COUNT(*) AS tp_count FROM `queue` ORDER BY id LIMIT 1   [ RunTime:0.0013s ]
INFO: [ view_parse ] --START--
INFO: [ template_filter ] --START--
INFO: Run Behavior\ContentReplaceBehavior [ RunTime:0.000030s ]
INFO: [ template_filter ] --END-- [ RunTime:0.000068s ]
INFO: Run Behavior\ParseTemplateBehavior [ RunTime:0.018549s ]
INFO: [ view_parse ] --END-- [ RunTime:0.018621s ]
INFO: [ view_filter ] --START--
INFO: Run Behavior\WriteHtmlCacheBehavior [ RunTime:0.000444s ]
INFO: [ view_filter ] --END-- [ RunTime:0.000480s ]
INFO: [ app_end ] --START--
INFO: Run Behavior\ShowPageTraceBehavior [ RunTime:0.000659s ]
INFO: [ app_end ] --END-- [ RunTime:0.000690s ]

[ 2016-10-19T09:59:03+08:00 ] 127.0.0.1 /index.php/index/index.html
INFO: [ app_init ] --START--
INFO: Run Behavior\BuildLiteBehavior [ RunTime:0.000011s ]
INFO: [ app_init ] --END-- [ RunTime:0.000662s ]
INFO: [ app_begin ] --START--
INFO: Run Behavior\ReadHtmlCacheBehavior [ RunTime:0.000665s ]
INFO: [ app_begin ] --END-- [ RunTime:0.000737s ]
SQL: SHOW COLUMNS FROM `queue` [ RunTime:0.0015s ]
SQL: SHOW COLUMNS FROM `queue` [ RunTime:0.0013s ]
SQL: SELECT `id`,`name`,`num`,`download`,`created_time`,`created_ip`,`status`,`remark` FROM `queue` ORDER BY id LIMIT 5   [ RunTime:0.0013s ]
SQL: SELECT COUNT(*) AS tp_count FROM `queue` ORDER BY id LIMIT 1   [ RunTime:0.0006s ]
INFO: [ view_parse ] --START--
INFO: [ template_filter ] --START--
INFO: Run Behavior\ContentReplaceBehavior [ RunTime:0.000033s ]
INFO: [ template_filter ] --END-- [ RunTime:0.000082s ]
INFO: Run Behavior\ParseTemplateBehavior [ RunTime:0.008120s ]
INFO: [ view_parse ] --END-- [ RunTime:0.008174s ]
INFO: [ view_filter ] --START--
INFO: Run Behavior\WriteHtmlCacheBehavior [ RunTime:0.000616s ]
INFO: [ view_filter ] --END-- [ RunTime:0.000654s ]
INFO: [ app_end ] --START--
INFO: Run Behavior\ShowPageTraceBehavior [ RunTime:0.000889s ]
INFO: [ app_end ] --END-- [ RunTime:0.000927s ]

[ 2016-10-19T10:07:11+08:00 ] 127.0.0.1 /index.php/index/index.html
INFO: [ app_init ] --START--
INFO: Run Behavior\BuildLiteBehavior [ RunTime:0.000009s ]
INFO: [ app_init ] --END-- [ RunTime:0.000300s ]
INFO: [ app_begin ] --START--
INFO: Run Behavior\ReadHtmlCacheBehavior [ RunTime:0.000519s ]
INFO: [ app_begin ] --END-- [ RunTime:0.000549s ]
SQL: SHOW COLUMNS FROM `queue` [ RunTime:0.0150s ]
SQL: SHOW COLUMNS FROM `queue` [ RunTime:0.0058s ]
SQL: SELECT `id`,`name`,`num`,`download`,`created_time`,`created_ip`,`status`,`remark` FROM `queue` ORDER BY id LIMIT 5   [ RunTime:0.0015s ]
SQL: SELECT COUNT(*) AS tp_count FROM `queue` ORDER BY id LIMIT 1   [ RunTime:0.0014s ]
INFO: [ view_parse ] --START--
INFO: [ template_filter ] --START--
INFO: Run Behavior\ContentReplaceBehavior [ RunTime:0.000026s ]
INFO: [ template_filter ] --END-- [ RunTime:0.000060s ]
INFO: Run Behavior\ParseTemplateBehavior [ RunTime:0.006533s ]
INFO: [ view_parse ] --END-- [ RunTime:0.006586s ]
INFO: [ view_filter ] --START--
INFO: Run Behavior\WriteHtmlCacheBehavior [ RunTime:0.000404s ]
INFO: [ view_filter ] --END-- [ RunTime:0.000425s ]
INFO: [ app_end ] --START--
INFO: Run Behavior\ShowPageTraceBehavior [ RunTime:0.000527s ]
INFO: [ app_end ] --END-- [ RunTime:0.000549s ]

[ 2016-10-19T10:07:43+08:00 ] 127.0.0.1 /index.php/index/index.html
INFO: [ app_init ] --START--
INFO: Run Behavior\BuildLiteBehavior [ RunTime:0.000018s ]
INFO: [ app_init ] --END-- [ RunTime:0.000324s ]
INFO: [ app_begin ] --START--
INFO: Run Behavior\ReadHtmlCacheBehavior [ RunTime:0.000494s ]
INFO: [ app_begin ] --END-- [ RunTime:0.000522s ]
SQL: SHOW COLUMNS FROM `queue` [ RunTime:0.0079s ]
SQL: SHOW COLUMNS FROM `queue` [ RunTime:0.0134s ]
SQL: SELECT `id`,`name`,`num`,`download`,`created_time`,`created_ip`,`status`,`remark` FROM `queue` ORDER BY id LIMIT 5   [ RunTime:0.0049s ]
SQL: SELECT COUNT(*) AS tp_count FROM `queue` ORDER BY id LIMIT 1   [ RunTime:0.0069s ]
INFO: [ view_parse ] --START--
INFO: [ template_filter ] --START--
INFO: Run Behavior\ContentReplaceBehavior [ RunTime:0.000063s ]
INFO: [ template_filter ] --END-- [ RunTime:0.000147s ]
INFO: Run Behavior\ParseTemplateBehavior [ RunTime:0.010067s ]
INFO: [ view_parse ] --END-- [ RunTime:0.010185s ]
INFO: [ view_filter ] --START--
INFO: Run Behavior\WriteHtmlCacheBehavior [ RunTime:0.001475s ]
INFO: [ view_filter ] --END-- [ RunTime:0.001565s ]
INFO: [ app_end ] --START--
INFO: Run Behavior\ShowPageTraceBehavior [ RunTime:0.001763s ]
INFO: [ app_end ] --END-- [ RunTime:0.001839s ]

[ 2016-10-19T10:07:45+08:00 ] 127.0.0.1 /index.php/index/index.html
INFO: [ app_init ] --START--
INFO: Run Behavior\BuildLiteBehavior [ RunTime:0.000036s ]
INFO: [ app_init ] --END-- [ RunTime:0.000604s ]
INFO: [ app_begin ] --START--
INFO: Run Behavior\ReadHtmlCacheBehavior [ RunTime:0.000694s ]
INFO: [ app_begin ] --END-- [ RunTime:0.000733s ]
SQL: SHOW COLUMNS FROM `queue` [ RunTime:0.0060s ]
SQL: SHOW COLUMNS FROM `queue` [ RunTime:0.0035s ]
SQL: SELECT `id`,`name`,`num`,`download`,`created_time`,`created_ip`,`status`,`remark` FROM `queue` ORDER BY id LIMIT 5   [ RunTime:0.0014s ]
SQL: SELECT COUNT(*) AS tp_count FROM `queue` ORDER BY id LIMIT 1   [ RunTime:0.0014s ]
INFO: [ view_parse ] --START--
INFO: [ template_filter ] --START--
INFO: Run Behavior\ContentReplaceBehavior [ RunTime:0.000025s ]
INFO: [ template_filter ] --END-- [ RunTime:0.000061s ]
INFO: Run Behavior\ParseTemplateBehavior [ RunTime:0.006118s ]
INFO: [ view_parse ] --END-- [ RunTime:0.006174s ]
INFO: [ view_filter ] --START--
INFO: Run Behavior\WriteHtmlCacheBehavior [ RunTime:0.000423s ]
INFO: [ view_filter ] --END-- [ RunTime:0.000449s ]
INFO: [ app_end ] --START--
INFO: Run Behavior\ShowPageTraceBehavior [ RunTime:0.000604s ]
INFO: [ app_end ] --END-- [ RunTime:0.000631s ]

[ 2016-10-19T10:07:46+08:00 ] 127.0.0.1 /index.php/index/index.html
INFO: [ app_init ] --START--
INFO: Run Behavior\BuildLiteBehavior [ RunTime:0.000008s ]
INFO: [ app_init ] --END-- [ RunTime:0.000322s ]
INFO: [ app_begin ] --START--
INFO: Run Behavior\ReadHtmlCacheBehavior [ RunTime:0.000589s ]
INFO: [ app_begin ] --END-- [ RunTime:0.000625s ]
SQL: SHOW COLUMNS FROM `queue` [ RunTime:0.0020s ]
SQL: SHOW COLUMNS FROM `queue` [ RunTime:0.0019s ]
SQL: SELECT `id`,`name`,`num`,`download`,`created_time`,`created_ip`,`status`,`remark` FROM `queue` ORDER BY id LIMIT 5   [ RunTime:0.0014s ]
SQL: SELECT COUNT(*) AS tp_count FROM `queue` ORDER BY id LIMIT 1   [ RunTime:0.0014s ]
INFO: [ view_parse ] --START--
INFO: [ template_filter ] --START--
INFO: Run Behavior\ContentReplaceBehavior [ RunTime:0.000022s ]
INFO: [ template_filter ] --END-- [ RunTime:0.000048s ]
INFO: Run Behavior\ParseTemplateBehavior [ RunTime:0.005861s ]
INFO: [ view_parse ] --END-- [ RunTime:0.005920s ]
INFO: [ view_filter ] --START--
INFO: Run Behavior\WriteHtmlCacheBehavior [ RunTime:0.000440s ]
INFO: [ view_filter ] --END-- [ RunTime:0.000464s ]
INFO: [ app_end ] --START--
INFO: Run Behavior\ShowPageTraceBehavior [ RunTime:0.000538s ]
INFO: [ app_end ] --END-- [ RunTime:0.000572s ]

[ 2016-10-19T10:09:15+08:00 ] 127.0.0.1 /index.php/index/index.html
INFO: [ app_init ] --START--
INFO: Run Behavior\BuildLiteBehavior [ RunTime:0.000010s ]
INFO: [ app_init ] --END-- [ RunTime:0.000306s ]
INFO: [ app_begin ] --START--
INFO: Run Behavior\ReadHtmlCacheBehavior [ RunTime:0.000802s ]
INFO: [ app_begin ] --END-- [ RunTime:0.000870s ]
SQL: SHOW COLUMNS FROM `queue` [ RunTime:0.0022s ]
SQL: SHOW COLUMNS FROM `queue` [ RunTime:0.0019s ]
SQL: SELECT `id`,`name`,`num`,`download`,`created_time`,`created_ip`,`status`,`remark` FROM `queue` ORDER BY id LIMIT 5   [ RunTime:0.0013s ]
SQL: SELECT COUNT(*) AS tp_count FROM `queue` ORDER BY id LIMIT 1   [ RunTime:0.0015s ]
INFO: [ view_parse ] --START--
INFO: [ template_filter ] --START--
INFO: Run Behavior\ContentReplaceBehavior [ RunTime:0.000025s ]
INFO: [ template_filter ] --END-- [ RunTime:0.000054s ]
INFO: Run Behavior\ParseTemplateBehavior [ RunTime:0.006397s ]
INFO: [ view_parse ] --END-- [ RunTime:0.006456s ]
INFO: [ view_filter ] --START--
INFO: Run Behavior\WriteHtmlCacheBehavior [ RunTime:0.000472s ]
INFO: [ view_filter ] --END-- [ RunTime:0.000503s ]
INFO: [ app_end ] --START--
INFO: Run Behavior\ShowPageTraceBehavior [ RunTime:0.000550s ]
INFO: [ app_end ] --END-- [ RunTime:0.000573s ]

[ 2016-10-19T10:09:16+08:00 ] 127.0.0.1 /index.php/index/index.html
INFO: [ app_init ] --START--
INFO: Run Behavior\BuildLiteBehavior [ RunTime:0.000010s ]
INFO: [ app_init ] --END-- [ RunTime:0.000327s ]
INFO: [ app_begin ] --START--
INFO: Run Behavior\ReadHtmlCacheBehavior [ RunTime:0.000974s ]
INFO: [ app_begin ] --END-- [ RunTime:0.001088s ]
SQL: SHOW COLUMNS FROM `queue` [ RunTime:0.0031s ]
SQL: SHOW COLUMNS FROM `queue` [ RunTime:0.0027s ]
SQL: SELECT `id`,`name`,`num`,`download`,`created_time`,`created_ip`,`status`,`remark` FROM `queue` ORDER BY id LIMIT 5   [ RunTime:0.0030s ]
SQL: SELECT COUNT(*) AS tp_count FROM `queue` ORDER BY id LIMIT 1   [ RunTime:0.0024s ]
INFO: [ view_parse ] --START--
INFO: [ template_filter ] --START--
INFO: Run Behavior\ContentReplaceBehavior [ RunTime:0.000037s ]
INFO: [ template_filter ] --END-- [ RunTime:0.000102s ]
INFO: Run Behavior\ParseTemplateBehavior [ RunTime:0.008523s ]
INFO: [ view_parse ] --END-- [ RunTime:0.008578s ]
INFO: [ view_filter ] --START--
INFO: Run Behavior\WriteHtmlCacheBehavior [ RunTime:0.000466s ]
INFO: [ view_filter ] --END-- [ RunTime:0.000499s ]
INFO: [ app_end ] --START--
INFO: Run Behavior\ShowPageTraceBehavior [ RunTime:0.000621s ]
INFO: [ app_end ] --END-- [ RunTime:0.000652s ]

[ 2016-10-19T11:55:14+08:00 ] 172.18.236.158 /flag.dianhua.cn/index.php/index/index.html
INFO: [ app_init ] --START--
INFO: Run Behavior\BuildLiteBehavior [ RunTime:0.000041s ]
INFO: [ app_init ] --END-- [ RunTime:0.001114s ]
INFO: [ app_begin ] --START--
INFO: Run Behavior\ReadHtmlCacheBehavior [ RunTime:0.001093s ]
INFO: [ app_begin ] --END-- [ RunTime:0.001221s ]
SQL: SHOW COLUMNS FROM `queue` [ RunTime:0.0017s ]
SQL: SHOW COLUMNS FROM `queue` [ RunTime:0.0012s ]
SQL: SELECT `id`,`name`,`num`,`download`,`created_time`,`created_ip`,`status`,`remark` FROM `queue` ORDER BY id LIMIT 5   [ RunTime:0.0004s ]
SQL: SELECT COUNT(*) AS tp_count FROM `queue` ORDER BY id LIMIT 1   [ RunTime:0.0004s ]
INFO: [ view_parse ] --START--
INFO: [ template_filter ] --START--
INFO: Run Behavior\ContentReplaceBehavior [ RunTime:0.000099s ]
INFO: [ template_filter ] --END-- [ RunTime:0.000240s ]
INFO: Run Behavior\ParseTemplateBehavior [ RunTime:0.019513s ]
INFO: [ view_parse ] --END-- [ RunTime:0.019658s ]
INFO: [ view_filter ] --START--
INFO: Run Behavior\WriteHtmlCacheBehavior [ RunTime:0.000307s ]
INFO: [ view_filter ] --END-- [ RunTime:0.000421s ]
INFO: [ app_end ] --START--
INFO: Run Behavior\ShowPageTraceBehavior [ RunTime:0.001096s ]
INFO: [ app_end ] --END-- [ RunTime:0.001217s ]

[ 2016-10-19T11:55:27+08:00 ] 172.18.236.158 /flag.dianhua.cn/index.php/index/index.html
INFO: [ app_init ] --START--
INFO: Run Behavior\BuildLiteBehavior [ RunTime:0.000032s ]
INFO: [ app_init ] --END-- [ RunTime:0.000523s ]
INFO: [ app_begin ] --START--
INFO: Run Behavior\ReadHtmlCacheBehavior [ RunTime:0.000734s ]
INFO: [ app_begin ] --END-- [ RunTime:0.000824s ]
SQL: SHOW COLUMNS FROM `queue` [ RunTime:0.0014s ]
SQL: SHOW COLUMNS FROM `queue` [ RunTime:0.0008s ]
SQL: SELECT `id`,`name`,`num`,`download`,`created_time`,`created_ip`,`status`,`remark` FROM `queue` ORDER BY id LIMIT 5   [ RunTime:0.0003s ]
SQL: SELECT COUNT(*) AS tp_count FROM `queue` ORDER BY id LIMIT 1   [ RunTime:0.0003s ]
INFO: [ view_parse ] --START--
INFO: [ template_filter ] --START--
INFO: Run Behavior\ContentReplaceBehavior [ RunTime:0.000126s ]
INFO: [ template_filter ] --END-- [ RunTime:0.000266s ]
INFO: Run Behavior\ParseTemplateBehavior [ RunTime:0.011630s ]
INFO: [ view_parse ] --END-- [ RunTime:0.011727s ]
INFO: [ view_filter ] --START--
INFO: Run Behavior\WriteHtmlCacheBehavior [ RunTime:0.000274s ]
INFO: [ view_filter ] --END-- [ RunTime:0.000367s ]
INFO: [ app_end ] --START--
INFO: Run Behavior\ShowPageTraceBehavior [ RunTime:0.000807s ]
INFO: [ app_end ] --END-- [ RunTime:0.000894s ]

[ 2016-10-19T12:08:53+08:00 ] 127.0.0.1 /index.php/index/index.html
INFO: [ app_init ] --START--
INFO: Run Behavior\BuildLiteBehavior [ RunTime:0.000009s ]
INFO: [ app_init ] --END-- [ RunTime:0.000351s ]
INFO: [ app_begin ] --START--
INFO: Run Behavior\ReadHtmlCacheBehavior [ RunTime:0.000704s ]
INFO: [ app_begin ] --END-- [ RunTime:0.000741s ]
SQL: SHOW COLUMNS FROM `queue` [ RunTime:0.0028s ]
SQL: SHOW COLUMNS FROM `queue` [ RunTime:0.0022s ]
SQL: SELECT `id`,`name`,`num`,`download`,`created_time`,`created_ip`,`status`,`remark` FROM `queue` ORDER BY id LIMIT 5   [ RunTime:0.0013s ]
SQL: SELECT COUNT(*) AS tp_count FROM `queue` ORDER BY id LIMIT 1   [ RunTime:0.0014s ]
INFO: [ view_parse ] --START--
INFO: [ template_filter ] --START--
INFO: Run Behavior\ContentReplaceBehavior [ RunTime:0.000041s ]
INFO: [ template_filter ] --END-- [ RunTime:0.000088s ]
INFO: Run Behavior\ParseTemplateBehavior [ RunTime:0.032249s ]
INFO: [ view_parse ] --END-- [ RunTime:0.032292s ]
INFO: [ view_filter ] --START--
INFO: Run Behavior\WriteHtmlCacheBehavior [ RunTime:0.000530s ]
INFO: [ view_filter ] --END-- [ RunTime:0.000562s ]
INFO: [ app_end ] --START--
INFO: Run Behavior\ShowPageTraceBehavior [ RunTime:0.000633s ]
INFO: [ app_end ] --END-- [ RunTime:0.000669s ]

[ 2016-10-19T12:09:08+08:00 ] 127.0.0.1 /index.php/index/index.html
INFO: [ app_init ] --START--
INFO: Run Behavior\BuildLiteBehavior [ RunTime:0.000014s ]
INFO: [ app_init ] --END-- [ RunTime:0.000428s ]
INFO: [ app_begin ] --START--
INFO: Run Behavior\ReadHtmlCacheBehavior [ RunTime:0.000810s ]
INFO: [ app_begin ] --END-- [ RunTime:0.000872s ]
SQL: SHOW COLUMNS FROM `queue` [ RunTime:0.0036s ]
SQL: SHOW COLUMNS FROM `queue` [ RunTime:0.0022s ]
SQL: SELECT `id`,`name`,`num`,`download`,`created_time`,`created_ip`,`status`,`remark` FROM `queue` ORDER BY id LIMIT 5   [ RunTime:0.0016s ]
SQL: SELECT COUNT(*) AS tp_count FROM `queue` ORDER BY id LIMIT 1   [ RunTime:0.0015s ]
INFO: [ view_parse ] --START--
INFO: [ template_filter ] --START--
INFO: Run Behavior\ContentReplaceBehavior [ RunTime:0.000036s ]
INFO: [ template_filter ] --END-- [ RunTime:0.000071s ]
INFO: Run Behavior\ParseTemplateBehavior [ RunTime:0.034832s ]
INFO: [ view_parse ] --END-- [ RunTime:0.034886s ]
INFO: [ view_filter ] --START--
INFO: Run Behavior\WriteHtmlCacheBehavior [ RunTime:0.000435s ]
INFO: [ view_filter ] --END-- [ RunTime:0.000500s ]
INFO: [ app_end ] --START--
INFO: Run Behavior\ShowPageTraceBehavior [ RunTime:0.000641s ]
INFO: [ app_end ] --END-- [ RunTime:0.000669s ]

[ 2016-10-19T12:10:11+08:00 ] 127.0.0.1 /index.php/index/index.html
INFO: [ app_init ] --START--
INFO: Run Behavior\BuildLiteBehavior [ RunTime:0.000014s ]
INFO: [ app_init ] --END-- [ RunTime:0.000323s ]
INFO: [ app_begin ] --START--
INFO: Run Behavior\ReadHtmlCacheBehavior [ RunTime:0.000485s ]
INFO: [ app_begin ] --END-- [ RunTime:0.000515s ]
SQL: SHOW COLUMNS FROM `queue` [ RunTime:0.0018s ]
SQL: SHOW COLUMNS FROM `queue` [ RunTime:0.0016s ]
SQL: SELECT `id`,`name`,`num`,`download`,`created_time`,`created_ip`,`status`,`remark` FROM `queue` ORDER BY id LIMIT 5   [ RunTime:0.0013s ]
SQL: SELECT COUNT(*) AS tp_count FROM `queue` ORDER BY id LIMIT 1   [ RunTime:0.0013s ]
INFO: [ view_parse ] --START--
INFO: [ template_filter ] --START--
INFO: Run Behavior\ContentReplaceBehavior [ RunTime:0.000036s ]
INFO: [ template_filter ] --END-- [ RunTime:0.000072s ]
INFO: Run Behavior\ParseTemplateBehavior [ RunTime:0.031100s ]
INFO: [ view_parse ] --END-- [ RunTime:0.031160s ]
INFO: [ view_filter ] --START--
INFO: Run Behavior\WriteHtmlCacheBehavior [ RunTime:0.000483s ]
INFO: [ view_filter ] --END-- [ RunTime:0.000534s ]
INFO: [ app_end ] --START--
INFO: Run Behavior\ShowPageTraceBehavior [ RunTime:0.000916s ]
INFO: [ app_end ] --END-- [ RunTime:0.000985s ]

[ 2016-10-19T12:10:31+08:00 ] 127.0.0.1 /index.php/index/index.html
INFO: [ app_init ] --START--
INFO: Run Behavior\BuildLiteBehavior [ RunTime:0.000016s ]
INFO: [ app_init ] --END-- [ RunTime:0.000521s ]
INFO: [ app_begin ] --START--
INFO: Run Behavior\ReadHtmlCacheBehavior [ RunTime:0.000556s ]
INFO: [ app_begin ] --END-- [ RunTime:0.000605s ]
SQL: SHOW COLUMNS FROM `queue` [ RunTime:0.0026s ]
SQL: SHOW COLUMNS FROM `queue` [ RunTime:0.0020s ]
SQL: SELECT `id`,`name`,`num`,`download`,`created_time`,`created_ip`,`status`,`remark` FROM `queue` ORDER BY id LIMIT 5   [ RunTime:0.0013s ]
SQL: SELECT COUNT(*) AS tp_count FROM `queue` ORDER BY id LIMIT 1   [ RunTime:0.0014s ]
INFO: [ view_parse ] --START--
INFO: [ template_filter ] --START--
INFO: Run Behavior\ContentReplaceBehavior [ RunTime:0.000037s ]
INFO: [ template_filter ] --END-- [ RunTime:0.000075s ]
INFO: Run Behavior\ParseTemplateBehavior [ RunTime:0.031760s ]
INFO: [ view_parse ] --END-- [ RunTime:0.031819s ]
INFO: [ view_filter ] --START--
INFO: Run Behavior\WriteHtmlCacheBehavior [ RunTime:0.000355s ]
INFO: [ view_filter ] --END-- [ RunTime:0.000384s ]
INFO: [ app_end ] --START--
INFO: Run Behavior\ShowPageTraceBehavior [ RunTime:0.000521s ]
INFO: [ app_end ] --END-- [ RunTime:0.000547s ]

[ 2016-10-19T12:10:33+08:00 ] 127.0.0.1 /index.php/index/index.html
INFO: [ app_init ] --START--
INFO: Run Behavior\BuildLiteBehavior [ RunTime:0.000012s ]
INFO: [ app_init ] --END-- [ RunTime:0.000390s ]
INFO: [ app_begin ] --START--
INFO: Run Behavior\ReadHtmlCacheBehavior [ RunTime:0.000552s ]
INFO: [ app_begin ] --END-- [ RunTime:0.000592s ]
SQL: SHOW COLUMNS FROM `queue` [ RunTime:0.0021s ]
SQL: SHOW COLUMNS FROM `queue` [ RunTime:0.0020s ]
SQL: SELECT `id`,`name`,`num`,`download`,`created_time`,`created_ip`,`status`,`remark` FROM `queue` ORDER BY id LIMIT 5   [ RunTime:0.0019s ]
SQL: SELECT COUNT(*) AS tp_count FROM `queue` ORDER BY id LIMIT 1   [ RunTime:0.0014s ]
INFO: [ view_parse ] --START--
INFO: [ template_filter ] --START--
INFO: Run Behavior\ContentReplaceBehavior [ RunTime:0.000046s ]
INFO: [ template_filter ] --END-- [ RunTime:0.000098s ]
INFO: Run Behavior\ParseTemplateBehavior [ RunTime:0.006654s ]
INFO: [ view_parse ] --END-- [ RunTime:0.006717s ]
INFO: [ view_filter ] --START--
INFO: Run Behavior\WriteHtmlCacheBehavior [ RunTime:0.000393s ]
INFO: [ view_filter ] --END-- [ RunTime:0.000441s ]
INFO: [ app_end ] --START--
INFO: Run Behavior\ShowPageTraceBehavior [ RunTime:0.000676s ]
INFO: [ app_end ] --END-- [ RunTime:0.000823s ]

[ 2016-10-19T12:10:34+08:00 ] 127.0.0.1 /index.php/index/uploadFile.html
INFO: [ app_init ] --START--
INFO: Run Behavior\BuildLiteBehavior [ RunTime:0.000011s ]
INFO: [ app_init ] --END-- [ RunTime:0.000317s ]
INFO: [ app_begin ] --START--
INFO: Run Behavior\ReadHtmlCacheBehavior [ RunTime:0.000497s ]
INFO: [ app_begin ] --END-- [ RunTime:0.000541s ]
INFO: [ view_parse ] --START--
INFO: [ template_filter ] --START--
INFO: Run Behavior\ContentReplaceBehavior [ RunTime:0.000036s ]
INFO: [ template_filter ] --END-- [ RunTime:0.000085s ]
INFO: Run Behavior\ParseTemplateBehavior [ RunTime:0.005881s ]
INFO: [ view_parse ] --END-- [ RunTime:0.005933s ]
INFO: [ view_filter ] --START--
INFO: Run Behavior\WriteHtmlCacheBehavior [ RunTime:0.000348s ]
INFO: [ view_filter ] --END-- [ RunTime:0.000388s ]
INFO: [ app_end ] --START--
INFO: Run Behavior\ShowPageTraceBehavior [ RunTime:0.000709s ]
INFO: [ app_end ] --END-- [ RunTime:0.000751s ]

[ 2016-10-19T12:10:37+08:00 ] 127.0.0.1 /index.php/index/index.html
INFO: [ app_init ] --START--
INFO: Run Behavior\BuildLiteBehavior [ RunTime:0.000010s ]
INFO: [ app_init ] --END-- [ RunTime:0.000311s ]
INFO: [ app_begin ] --START--
INFO: Run Behavior\ReadHtmlCacheBehavior [ RunTime:0.000411s ]
INFO: [ app_begin ] --END-- [ RunTime:0.000443s ]
SQL: SHOW COLUMNS FROM `queue` [ RunTime:0.0040s ]
SQL: SHOW COLUMNS FROM `queue` [ RunTime:0.0022s ]
SQL: SELECT `id`,`name`,`num`,`download`,`created_time`,`created_ip`,`status`,`remark` FROM `queue` ORDER BY id LIMIT 5   [ RunTime:0.0013s ]
SQL: SELECT COUNT(*) AS tp_count FROM `queue` ORDER BY id LIMIT 1   [ RunTime:0.0014s ]
INFO: [ view_parse ] --START--
INFO: [ template_filter ] --START--
INFO: Run Behavior\ContentReplaceBehavior [ RunTime:0.000034s ]
INFO: [ template_filter ] --END-- [ RunTime:0.000069s ]
INFO: Run Behavior\ParseTemplateBehavior [ RunTime:0.005783s ]
INFO: [ view_parse ] --END-- [ RunTime:0.005837s ]
INFO: [ view_filter ] --START--
INFO: Run Behavior\WriteHtmlCacheBehavior [ RunTime:0.000399s ]
INFO: [ view_filter ] --END-- [ RunTime:0.000445s ]
INFO: [ app_end ] --START--
INFO: Run Behavior\ShowPageTraceBehavior [ RunTime:0.000927s ]
INFO: [ app_end ] --END-- [ RunTime:0.000987s ]

[ 2016-10-19T12:11:52+08:00 ] 127.0.0.1 /index.php/index/index.html
INFO: [ app_init ] --START--
INFO: Run Behavior\BuildLiteBehavior [ RunTime:0.000014s ]
INFO: [ app_init ] --END-- [ RunTime:0.000472s ]
INFO: [ app_begin ] --START--
INFO: Run Behavior\ReadHtmlCacheBehavior [ RunTime:0.000914s ]
INFO: [ app_begin ] --END-- [ RunTime:0.000990s ]
SQL: SHOW COLUMNS FROM `queue` [ RunTime:0.0015s ]
SQL: SHOW COLUMNS FROM `queue` [ RunTime:0.0014s ]
SQL: SELECT `id`,`name`,`num`,`download`,`created_time`,`created_ip`,`status`,`remark` FROM `queue` ORDER BY id LIMIT 5   [ RunTime:0.0014s ]
SQL: SELECT COUNT(*) AS tp_count FROM `queue` ORDER BY id LIMIT 1   [ RunTime:0.0007s ]
INFO: [ view_parse ] --START--
INFO: [ template_filter ] --START--
INFO: Run Behavior\ContentReplaceBehavior [ RunTime:0.000098s ]
INFO: [ template_filter ] --END-- [ RunTime:0.000260s ]
INFO: Run Behavior\ParseTemplateBehavior [ RunTime:0.058291s ]
INFO: [ view_parse ] --END-- [ RunTime:0.058344s ]
INFO: [ view_filter ] --START--
INFO: Run Behavior\WriteHtmlCacheBehavior [ RunTime:0.000342s ]
INFO: [ view_filter ] --END-- [ RunTime:0.000379s ]
INFO: [ app_end ] --START--
INFO: Run Behavior\ShowPageTraceBehavior [ RunTime:0.000656s ]
INFO: [ app_end ] --END-- [ RunTime:0.000706s ]

[ 2016-10-19T12:11:54+08:00 ] 127.0.0.1 /index.php/index/index.html
INFO: [ app_init ] --START--
INFO: Run Behavior\BuildLiteBehavior [ RunTime:0.000012s ]
INFO: [ app_init ] --END-- [ RunTime:0.000456s ]
INFO: [ app_begin ] --START--
INFO: Run Behavior\ReadHtmlCacheBehavior [ RunTime:0.000571s ]
INFO: [ app_begin ] --END-- [ RunTime:0.000611s ]
SQL: SHOW COLUMNS FROM `queue` [ RunTime:0.0014s ]
SQL: SHOW COLUMNS FROM `queue` [ RunTime:0.0014s ]
SQL: SELECT `id`,`name`,`num`,`download`,`created_time`,`created_ip`,`status`,`remark` FROM `queue` ORDER BY id LIMIT 5   [ RunTime:0.0022s ]
SQL: SELECT COUNT(*) AS tp_count FROM `queue` ORDER BY id LIMIT 1   [ RunTime:0.0033s ]
INFO: [ view_parse ] --START--
INFO: [ template_filter ] --START--
INFO: Run Behavior\ContentReplaceBehavior [ RunTime:0.000035s ]
INFO: [ template_filter ] --END-- [ RunTime:0.000073s ]
INFO: Run Behavior\ParseTemplateBehavior [ RunTime:0.008352s ]
INFO: [ view_parse ] --END-- [ RunTime:0.008403s ]
INFO: [ view_filter ] --START--
INFO: Run Behavior\WriteHtmlCacheBehavior [ RunTime:0.000745s ]
INFO: [ view_filter ] --END-- [ RunTime:0.000791s ]
INFO: [ app_end ] --START--
INFO: Run Behavior\ShowPageTraceBehavior [ RunTime:0.000728s ]
INFO: [ app_end ] --END-- [ RunTime:0.000771s ]

[ 2016-10-19T12:11:55+08:00 ] 127.0.0.1 /index.php/index/uploadFile.html
INFO: [ app_init ] --START--
INFO: Run Behavior\BuildLiteBehavior [ RunTime:0.000010s ]
INFO: [ app_init ] --END-- [ RunTime:0.000302s ]
INFO: [ app_begin ] --START--
INFO: Run Behavior\ReadHtmlCacheBehavior [ RunTime:0.000482s ]
INFO: [ app_begin ] --END-- [ RunTime:0.000526s ]
INFO: [ view_parse ] --START--
INFO: [ template_filter ] --START--
INFO: Run Behavior\ContentReplaceBehavior [ RunTime:0.000033s ]
INFO: [ template_filter ] --END-- [ RunTime:0.000079s ]
INFO: Run Behavior\ParseTemplateBehavior [ RunTime:0.065410s ]
INFO: [ view_parse ] --END-- [ RunTime:0.065468s ]
INFO: [ view_filter ] --START--
INFO: Run Behavior\WriteHtmlCacheBehavior [ RunTime:0.000412s ]
INFO: [ view_filter ] --END-- [ RunTime:0.000456s ]
INFO: [ app_end ] --START--
INFO: Run Behavior\ShowPageTraceBehavior [ RunTime:0.000678s ]
INFO: [ app_end ] --END-- [ RunTime:0.000722s ]

[ 2016-10-19T12:11:58+08:00 ] 127.0.0.1 /index.php/index/index.html
INFO: [ app_init ] --START--
INFO: Run Behavior\BuildLiteBehavior [ RunTime:0.000011s ]
INFO: [ app_init ] --END-- [ RunTime:0.000297s ]
INFO: [ app_begin ] --START--
INFO: Run Behavior\ReadHtmlCacheBehavior [ RunTime:0.000408s ]
INFO: [ app_begin ] --END-- [ RunTime:0.000440s ]
SQL: SHOW COLUMNS FROM `queue` [ RunTime:0.0016s ]
SQL: SHOW COLUMNS FROM `queue` [ RunTime:0.0014s ]
SQL: SELECT `id`,`name`,`num`,`download`,`created_time`,`created_ip`,`status`,`remark` FROM `queue` ORDER BY id LIMIT 5   [ RunTime:0.0013s ]
SQL: SELECT COUNT(*) AS tp_count FROM `queue` ORDER BY id LIMIT 1   [ RunTime:0.0006s ]
INFO: [ view_parse ] --START--
INFO: [ template_filter ] --START--
INFO: Run Behavior\ContentReplaceBehavior [ RunTime:0.000071s ]
INFO: [ template_filter ] --END-- [ RunTime:0.000226s ]
INFO: Run Behavior\ParseTemplateBehavior [ RunTime:0.008662s ]
INFO: [ view_parse ] --END-- [ RunTime:0.008718s ]
INFO: [ view_filter ] --START--
INFO: Run Behavior\WriteHtmlCacheBehavior [ RunTime:0.000352s ]
INFO: [ view_filter ] --END-- [ RunTime:0.000388s ]
INFO: [ app_end ] --START--
INFO: Run Behavior\ShowPageTraceBehavior [ RunTime:0.000505s ]
INFO: [ app_end ] --END-- [ RunTime:0.000540s ]

[ 2016-10-19T14:02:30+08:00 ] 127.0.0.1 /index.php/index/uploadFile.html
INFO: [ app_init ] --START--
INFO: Run Behavior\BuildLiteBehavior [ RunTime:0.000012s ]
INFO: [ app_init ] --END-- [ RunTime:0.000417s ]
INFO: [ app_begin ] --START--
INFO: Run Behavior\ReadHtmlCacheBehavior [ RunTime:0.000546s ]
INFO: [ app_begin ] --END-- [ RunTime:0.000598s ]
INFO: [ view_parse ] --START--
INFO: [ template_filter ] --START--
INFO: Run Behavior\ContentReplaceBehavior [ RunTime:0.000033s ]
INFO: [ template_filter ] --END-- [ RunTime:0.000075s ]
INFO: Run Behavior\ParseTemplateBehavior [ RunTime:0.008879s ]
INFO: [ view_parse ] --END-- [ RunTime:0.008947s ]
INFO: [ view_filter ] --START--
INFO: Run Behavior\WriteHtmlCacheBehavior [ RunTime:0.000744s ]
INFO: [ view_filter ] --END-- [ RunTime:0.000785s ]
INFO: [ app_end ] --START--
INFO: Run Behavior\ShowPageTraceBehavior [ RunTime:0.001312s ]
INFO: [ app_end ] --END-- [ RunTime:0.001357s ]

[ 2016-10-19T14:02:55+08:00 ] 127.0.0.1 /index.php/index/uploadFile.html
INFO: [ app_init ] --START--
INFO: Run Behavior\BuildLiteBehavior [ RunTime:0.000016s ]
INFO: [ app_init ] --END-- [ RunTime:0.000924s ]
INFO: [ app_begin ] --START--
INFO: Run Behavior\ReadHtmlCacheBehavior [ RunTime:0.000978s ]
INFO: [ app_begin ] --END-- [ RunTime:0.001043s ]
INFO: [ view_parse ] --START--
INFO: [ template_filter ] --START--
INFO: Run Behavior\ContentReplaceBehavior [ RunTime:0.000088s ]
INFO: [ template_filter ] --END-- [ RunTime:0.000199s ]
INFO: Run Behavior\ParseTemplateBehavior [ RunTime:0.027165s ]
INFO: [ view_parse ] --END-- [ RunTime:0.027232s ]
INFO: [ view_filter ] --START--
INFO: Run Behavior\WriteHtmlCacheBehavior [ RunTime:0.000356s ]
INFO: [ view_filter ] --END-- [ RunTime:0.000393s ]
INFO: [ app_end ] --START--
INFO: Run Behavior\ShowPageTraceBehavior [ RunTime:0.000742s ]
INFO: [ app_end ] --END-- [ RunTime:0.000783s ]

[ 2016-10-19T14:02:57+08:00 ] 127.0.0.1 /
INFO: [ app_init ] --START--
INFO: Run Behavior\BuildLiteBehavior [ RunTime:0.000014s ]
INFO: [ app_init ] --END-- [ RunTime:0.000471s ]
INFO: [ app_begin ] --START--
INFO: Run Behavior\ReadHtmlCacheBehavior [ RunTime:0.000585s ]
INFO: [ app_begin ] --END-- [ RunTime:0.000625s ]
SQL: SHOW COLUMNS FROM `queue` [ RunTime:0.0031s ]
SQL: SHOW COLUMNS FROM `queue` [ RunTime:0.0045s ]
SQL: SELECT `id`,`name`,`num`,`download`,`created_time`,`created_ip`,`status`,`remark` FROM `queue` ORDER BY id LIMIT 5   [ RunTime:0.0015s ]
SQL: SELECT COUNT(*) AS tp_count FROM `queue` ORDER BY id LIMIT 1   [ RunTime:0.0013s ]
INFO: [ view_parse ] --START--
INFO: [ template_filter ] --START--
INFO: Run Behavior\ContentReplaceBehavior [ RunTime:0.000033s ]
INFO: [ template_filter ] --END-- [ RunTime:0.000073s ]
INFO: Run Behavior\ParseTemplateBehavior [ RunTime:0.035524s ]
INFO: [ view_parse ] --END-- [ RunTime:0.035579s ]
INFO: [ view_filter ] --START--
INFO: Run Behavior\WriteHtmlCacheBehavior [ RunTime:0.000413s ]
INFO: [ view_filter ] --END-- [ RunTime:0.000453s ]
INFO: [ app_end ] --START--
INFO: Run Behavior\ShowPageTraceBehavior [ RunTime:0.000601s ]
INFO: [ app_end ] --END-- [ RunTime:0.000628s ]

[ 2016-10-19T14:02:59+08:00 ] 127.0.0.1 /
INFO: [ app_init ] --START--
INFO: Run Behavior\BuildLiteBehavior [ RunTime:0.000010s ]
INFO: [ app_init ] --END-- [ RunTime:0.000301s ]
INFO: [ app_begin ] --START--
INFO: Run Behavior\ReadHtmlCacheBehavior [ RunTime:0.000398s ]
INFO: [ app_begin ] --END-- [ RunTime:0.000432s ]
SQL: SHOW COLUMNS FROM `queue` [ RunTime:0.0034s ]
SQL: SHOW COLUMNS FROM `queue` [ RunTime:0.0034s ]
SQL: SELECT `id`,`name`,`num`,`download`,`created_time`,`created_ip`,`status`,`remark` FROM `queue` ORDER BY id LIMIT 5   [ RunTime:0.0026s ]
SQL: SELECT COUNT(*) AS tp_count FROM `queue` ORDER BY id LIMIT 1   [ RunTime:0.0015s ]
INFO: [ view_parse ] --START--
INFO: [ template_filter ] --START--
INFO: Run Behavior\ContentReplaceBehavior [ RunTime:0.000039s ]
INFO: [ template_filter ] --END-- [ RunTime:0.000084s ]
INFO: Run Behavior\ParseTemplateBehavior [ RunTime:0.011148s ]
INFO: [ view_parse ] --END-- [ RunTime:0.011246s ]
INFO: [ view_filter ] --START--
INFO: Run Behavior\WriteHtmlCacheBehavior [ RunTime:0.000466s ]
INFO: [ view_filter ] --END-- [ RunTime:0.000502s ]
INFO: [ app_end ] --START--
INFO: Run Behavior\ShowPageTraceBehavior [ RunTime:0.000719s ]
INFO: [ app_end ] --END-- [ RunTime:0.000752s ]

[ 2016-10-19T14:03:02+08:00 ] 127.0.0.1 /index.php/index/index.html
INFO: [ app_init ] --START--
INFO: Run Behavior\BuildLiteBehavior [ RunTime:0.000010s ]
INFO: [ app_init ] --END-- [ RunTime:0.000321s ]
INFO: [ app_begin ] --START--
INFO: Run Behavior\ReadHtmlCacheBehavior [ RunTime:0.000426s ]
INFO: [ app_begin ] --END-- [ RunTime:0.000459s ]
SQL: SHOW COLUMNS FROM `queue` [ RunTime:0.0035s ]
SQL: SHOW COLUMNS FROM `queue` [ RunTime:0.0025s ]
SQL: SELECT `id`,`name`,`num`,`download`,`created_time`,`created_ip`,`status`,`remark` FROM `queue` ORDER BY id LIMIT 5   [ RunTime:0.0019s ]
SQL: SELECT COUNT(*) AS tp_count FROM `queue` ORDER BY id LIMIT 1   [ RunTime:0.0013s ]
INFO: [ view_parse ] --START--
INFO: [ template_filter ] --START--
INFO: Run Behavior\ContentReplaceBehavior [ RunTime:0.000042s ]
INFO: [ template_filter ] --END-- [ RunTime:0.000095s ]
INFO: Run Behavior\ParseTemplateBehavior [ RunTime:0.009834s ]
INFO: [ view_parse ] --END-- [ RunTime:0.009885s ]
INFO: [ view_filter ] --START--
INFO: Run Behavior\WriteHtmlCacheBehavior [ RunTime:0.000551s ]
INFO: [ view_filter ] --END-- [ RunTime:0.000587s ]
INFO: [ app_end ] --START--
INFO: Run Behavior\ShowPageTraceBehavior [ RunTime:0.001013s ]
INFO: [ app_end ] --END-- [ RunTime:0.001060s ]

[ 2016-10-19T14:03:03+08:00 ] 127.0.0.1 /index.php/index/uploadFile.html
INFO: [ app_init ] --START--
INFO: Run Behavior\BuildLiteBehavior [ RunTime:0.000010s ]
INFO: [ app_init ] --END-- [ RunTime:0.000305s ]
INFO: [ app_begin ] --START--
INFO: Run Behavior\ReadHtmlCacheBehavior [ RunTime:0.000450s ]
INFO: [ app_begin ] --END-- [ RunTime:0.000494s ]
INFO: [ view_parse ] --START--
INFO: [ template_filter ] --START--
INFO: Run Behavior\ContentReplaceBehavior [ RunTime:0.000040s ]
INFO: [ template_filter ] --END-- [ RunTime:0.000099s ]
INFO: Run Behavior\ParseTemplateBehavior [ RunTime:0.009715s ]
INFO: [ view_parse ] --END-- [ RunTime:0.009778s ]
INFO: [ view_filter ] --START--
INFO: Run Behavior\WriteHtmlCacheBehavior [ RunTime:0.000455s ]
INFO: [ view_filter ] --END-- [ RunTime:0.000491s ]
INFO: [ app_end ] --START--
INFO: Run Behavior\ShowPageTraceBehavior [ RunTime:0.000748s ]
INFO: [ app_end ] --END-- [ RunTime:0.000787s ]

[ 2016-10-19T14:03:09+08:00 ] 127.0.0.1 /index.php/index/index.html
INFO: [ app_init ] --START--
INFO: Run Behavior\BuildLiteBehavior [ RunTime:0.000015s ]
INFO: [ app_init ] --END-- [ RunTime:0.000486s ]
INFO: [ app_begin ] --START--
INFO: Run Behavior\ReadHtmlCacheBehavior [ RunTime:0.000706s ]
INFO: [ app_begin ] --END-- [ RunTime:0.000776s ]
SQL: SHOW COLUMNS FROM `queue` [ RunTime:0.0031s ]
SQL: SHOW COLUMNS FROM `queue` [ RunTime:0.0022s ]
SQL: SELECT `id`,`name`,`num`,`download`,`created_time`,`created_ip`,`status`,`remark` FROM `queue` ORDER BY id LIMIT 5   [ RunTime:0.0017s ]
SQL: SELECT COUNT(*) AS tp_count FROM `queue` ORDER BY id LIMIT 1   [ RunTime:0.0014s ]
INFO: [ view_parse ] --START--
INFO: [ template_filter ] --START--
INFO: Run Behavior\ContentReplaceBehavior [ RunTime:0.000047s ]
INFO: [ template_filter ] --END-- [ RunTime:0.000113s ]
INFO: Run Behavior\ParseTemplateBehavior [ RunTime:0.012017s ]
INFO: [ view_parse ] --END-- [ RunTime:0.012069s ]
INFO: [ view_filter ] --START--
INFO: Run Behavior\WriteHtmlCacheBehavior [ RunTime:0.000545s ]
INFO: [ view_filter ] --END-- [ RunTime:0.000603s ]
INFO: [ app_end ] --START--
INFO: Run Behavior\ShowPageTraceBehavior [ RunTime:0.000728s ]
INFO: [ app_end ] --END-- [ RunTime:0.000770s ]

[ 2016-10-19T14:04:06+08:00 ] 127.0.0.1 /index.php/index/uploadFile.html
INFO: [ app_init ] --START--
INFO: Run Behavior\BuildLiteBehavior [ RunTime:0.000009s ]
INFO: [ app_init ] --END-- [ RunTime:0.000304s ]
INFO: [ app_begin ] --START--
INFO: Run Behavior\ReadHtmlCacheBehavior [ RunTime:0.000376s ]
INFO: [ app_begin ] --END-- [ RunTime:0.000404s ]
INFO: [ view_parse ] --START--
INFO: [ template_filter ] --START--
INFO: Run Behavior\ContentReplaceBehavior [ RunTime:0.000028s ]
INFO: [ template_filter ] --END-- [ RunTime:0.000062s ]
INFO: Run Behavior\ParseTemplateBehavior [ RunTime:0.020945s ]
INFO: [ view_parse ] --END-- [ RunTime:0.020991s ]
INFO: [ view_filter ] --START--
INFO: Run Behavior\WriteHtmlCacheBehavior [ RunTime:0.000466s ]
INFO: [ view_filter ] --END-- [ RunTime:0.000496s ]
INFO: [ app_end ] --START--
INFO: Run Behavior\ShowPageTraceBehavior [ RunTime:0.000641s ]
INFO: [ app_end ] --END-- [ RunTime:0.000670s ]

[ 2016-10-19T14:04:09+08:00 ] 127.0.0.1 /
INFO: [ app_init ] --START--
INFO: Run Behavior\BuildLiteBehavior [ RunTime:0.000014s ]
INFO: [ app_init ] --END-- [ RunTime:0.000393s ]
INFO: [ app_begin ] --START--
INFO: Run Behavior\ReadHtmlCacheBehavior [ RunTime:0.000413s ]
INFO: [ app_begin ] --END-- [ RunTime:0.000447s ]
SQL: SHOW COLUMNS FROM `queue` [ RunTime:0.0028s ]
SQL: SHOW COLUMNS FROM `queue` [ RunTime:0.0023s ]
SQL: SELECT `id`,`name`,`num`,`download`,`created_time`,`created_ip`,`status`,`remark` FROM `queue` ORDER BY id LIMIT 5   [ RunTime:0.0016s ]
SQL: SELECT COUNT(*) AS tp_count FROM `queue` ORDER BY id LIMIT 1   [ RunTime:0.0014s ]
INFO: [ view_parse ] --START--
INFO: [ template_filter ] --START--
INFO: Run Behavior\ContentReplaceBehavior [ RunTime:0.000040s ]
INFO: [ template_filter ] --END-- [ RunTime:0.000091s ]
INFO: Run Behavior\ParseTemplateBehavior [ RunTime:0.008047s ]
INFO: [ view_parse ] --END-- [ RunTime:0.008104s ]
INFO: [ view_filter ] --START--
INFO: Run Behavior\WriteHtmlCacheBehavior [ RunTime:0.000725s ]
INFO: [ view_filter ] --END-- [ RunTime:0.000782s ]
INFO: [ app_end ] --START--
INFO: Run Behavior\ShowPageTraceBehavior [ RunTime:0.001435s ]
INFO: [ app_end ] --END-- [ RunTime:0.001578s ]

[ 2016-10-19T14:04:10+08:00 ] 127.0.0.1 /index.php/index/index.html
INFO: [ app_init ] --START--
INFO: Run Behavior\BuildLiteBehavior [ RunTime:0.000014s ]
INFO: [ app_init ] --END-- [ RunTime:0.000433s ]
INFO: [ app_begin ] --START--
INFO: Run Behavior\ReadHtmlCacheBehavior [ RunTime:0.000425s ]
INFO: [ app_begin ] --END-- [ RunTime:0.000465s ]
SQL: SHOW COLUMNS FROM `queue` [ RunTime:0.0026s ]
SQL: SHOW COLUMNS FROM `queue` [ RunTime:0.0020s ]
SQL: SELECT `id`,`name`,`num`,`download`,`created_time`,`created_ip`,`status`,`remark` FROM `queue` ORDER BY id LIMIT 5   [ RunTime:0.0015s ]
SQL: SELECT COUNT(*) AS tp_count FROM `queue` ORDER BY id LIMIT 1   [ RunTime:0.0016s ]
INFO: [ view_parse ] --START--
INFO: [ template_filter ] --START--
INFO: Run Behavior\ContentReplaceBehavior [ RunTime:0.000035s ]
INFO: [ template_filter ] --END-- [ RunTime:0.000072s ]
INFO: Run Behavior\ParseTemplateBehavior [ RunTime:0.010427s ]
INFO: [ view_parse ] --END-- [ RunTime:0.010473s ]
INFO: [ view_filter ] --START--
INFO: Run Behavior\WriteHtmlCacheBehavior [ RunTime:0.000393s ]
INFO: [ view_filter ] --END-- [ RunTime:0.000420s ]
INFO: [ app_end ] --START--
INFO: Run Behavior\ShowPageTraceBehavior [ RunTime:0.000583s ]
INFO: [ app_end ] --END-- [ RunTime:0.000609s ]

[ 2016-10-19T15:19:36+08:00 ] 127.0.0.1 /index.php/index/index.html
INFO: [ app_init ] --START--
INFO: Run Behavior\BuildLiteBehavior [ RunTime:0.000018s ]
INFO: [ app_init ] --END-- [ RunTime:0.000526s ]
INFO: [ app_begin ] --START--
INFO: Run Behavior\ReadHtmlCacheBehavior [ RunTime:0.000849s ]
INFO: [ app_begin ] --END-- [ RunTime:0.000929s ]
SQL: SHOW COLUMNS FROM `queue` [ RunTime:0.0025s ]
SQL: SHOW COLUMNS FROM `queue` [ RunTime:0.0026s ]
SQL: SELECT `id`,`name`,`num`,`download`,`created_time`,`created_ip`,`status`,`remark` FROM `queue` ORDER BY id LIMIT 5   [ RunTime:0.0018s ]
SQL: SELECT COUNT(*) AS tp_count FROM `queue` ORDER BY id LIMIT 1   [ RunTime:0.0016s ]
ERR: Class 'Org\Util\Page' not found

[ 2016-10-19T15:21:17+08:00 ] 127.0.0.1 /index.php/index/index.html
INFO: [ app_init ] --START--
INFO: Run Behavior\BuildLiteBehavior [ RunTime:0.000016s ]
INFO: [ app_init ] --END-- [ RunTime:0.000593s ]
INFO: [ app_begin ] --START--
INFO: Run Behavior\ReadHtmlCacheBehavior [ RunTime:0.001085s ]
INFO: [ app_begin ] --END-- [ RunTime:0.001162s ]
SQL: SHOW COLUMNS FROM `queue` [ RunTime:0.0015s ]
SQL: SHOW COLUMNS FROM `queue` [ RunTime:0.0016s ]
SQL: SELECT `id`,`name`,`num`,`download`,`created_time`,`created_ip`,`status`,`remark` FROM `queue` ORDER BY id LIMIT 5   [ RunTime:0.0011s ]
SQL: SELECT COUNT(*) AS tp_count FROM `queue` ORDER BY id LIMIT 1   [ RunTime:0.0014s ]
NOTIC: [2] Missing argument 1 for Think\Page::__construct(), called in C:\vhosts\flag.dianhua.cn\Apps\Home\Controller\IndexController.class.php on line 19 and defined C:\vhosts\flag.dianhua.cn\ThinkPHP\Library\Think\Page.class.php 第 42 行.
NOTIC: [8] Undefined variable: totalRows C:\vhosts\flag.dianhua.cn\ThinkPHP\Library\Think\Page.class.php 第 45 行.
INFO: [ view_parse ] --START--
INFO: [ template_filter ] --START--
INFO: Run Behavior\ContentReplaceBehavior [ RunTime:0.000055s ]
INFO: [ template_filter ] --END-- [ RunTime:0.000114s ]
INFO: Run Behavior\ParseTemplateBehavior [ RunTime:0.041204s ]
INFO: [ view_parse ] --END-- [ RunTime:0.041265s ]
INFO: [ view_filter ] --START--
INFO: Run Behavior\WriteHtmlCacheBehavior [ RunTime:0.000377s ]
INFO: [ view_filter ] --END-- [ RunTime:0.000411s ]
INFO: [ app_end ] --START--
INFO: Run Behavior\ShowPageTraceBehavior [ RunTime:0.000535s ]
INFO: [ app_end ] --END-- [ RunTime:0.000563s ]

[ 2016-10-19T15:21:30+08:00 ] 127.0.0.1 /index.php/index/index.html
INFO: [ app_init ] --START--
INFO: Run Behavior\BuildLiteBehavior [ RunTime:0.000011s ]
INFO: [ app_init ] --END-- [ RunTime:0.000410s ]
INFO: [ app_begin ] --START--
INFO: Run Behavior\ReadHtmlCacheBehavior [ RunTime:0.000522s ]
INFO: [ app_begin ] --END-- [ RunTime:0.000557s ]
SQL: SHOW COLUMNS FROM `queue` [ RunTime:0.0026s ]
SQL: SHOW COLUMNS FROM `queue` [ RunTime:0.0019s ]
SQL: SELECT `id`,`name`,`num`,`download`,`created_time`,`created_ip`,`status`,`remark` FROM `queue` ORDER BY id LIMIT 5   [ RunTime:0.0014s ]
SQL: SELECT COUNT(*) AS tp_count FROM `queue` ORDER BY id LIMIT 1   [ RunTime:0.0014s ]
INFO: [ view_parse ] --START--
INFO: [ template_filter ] --START--
INFO: Run Behavior\ContentReplaceBehavior [ RunTime:0.000039s ]
INFO: [ template_filter ] --END-- [ RunTime:0.000080s ]
INFO: Run Behavior\ParseTemplateBehavior [ RunTime:0.009795s ]
INFO: [ view_parse ] --END-- [ RunTime:0.009852s ]
INFO: [ view_filter ] --START--
INFO: Run Behavior\WriteHtmlCacheBehavior [ RunTime:0.000398s ]
INFO: [ view_filter ] --END-- [ RunTime:0.000438s ]
INFO: [ app_end ] --START--
INFO: Run Behavior\ShowPageTraceBehavior [ RunTime:0.000598s ]
INFO: [ app_end ] --END-- [ RunTime:0.000633s ]

[ 2016-10-19T15:22:05+08:00 ] 127.0.0.1 /index.php/index/index.html
INFO: [ app_init ] --START--
INFO: Run Behavior\BuildLiteBehavior [ RunTime:0.000016s ]
INFO: [ app_init ] --END-- [ RunTime:0.000711s ]
INFO: [ app_begin ] --START--
INFO: Run Behavior\ReadHtmlCacheBehavior [ RunTime:0.001007s ]
INFO: [ app_begin ] --END-- [ RunTime:0.001090s ]
SQL: SHOW COLUMNS FROM `queue` [ RunTime:0.0022s ]
SQL: SHOW COLUMNS FROM `queue` [ RunTime:0.0019s ]
SQL: SELECT `id`,`name`,`num`,`download`,`created_time`,`created_ip`,`status`,`remark` FROM `queue` ORDER BY id LIMIT 5   [ RunTime:0.0014s ]
SQL: SELECT COUNT(*) AS tp_count FROM `queue` ORDER BY id LIMIT 1   [ RunTime:0.0017s ]
INFO: [ view_parse ] --START--
INFO: [ template_filter ] --START--
INFO: Run Behavior\ContentReplaceBehavior [ RunTime:0.000060s ]
INFO: [ template_filter ] --END-- [ RunTime:0.000121s ]
INFO: Run Behavior\ParseTemplateBehavior [ RunTime:0.012226s ]
INFO: [ view_parse ] --END-- [ RunTime:0.012301s ]
INFO: [ view_filter ] --START--
INFO: Run Behavior\WriteHtmlCacheBehavior [ RunTime:0.000723s ]
INFO: [ view_filter ] --END-- [ RunTime:0.000793s ]
INFO: [ app_end ] --START--
INFO: Run Behavior\ShowPageTraceBehavior [ RunTime:0.000889s ]
INFO: [ app_end ] --END-- [ RunTime:0.000961s ]

[ 2016-10-19T15:22:36+08:00 ] 127.0.0.1 /index.php/index/index.html
INFO: [ app_init ] --START--
INFO: Run Behavior\BuildLiteBehavior [ RunTime:0.000014s ]
INFO: [ app_init ] --END-- [ RunTime:0.000514s ]
INFO: [ app_begin ] --START--
INFO: Run Behavior\ReadHtmlCacheBehavior [ RunTime:0.000958s ]
INFO: [ app_begin ] --END-- [ RunTime:0.001061s ]
SQL: SHOW COLUMNS FROM `queue` [ RunTime:0.0023s ]
SQL: SHOW COLUMNS FROM `queue` [ RunTime:0.0047s ]
SQL: SELECT `id`,`name`,`num`,`download`,`created_time`,`created_ip`,`status`,`remark` FROM `queue` ORDER BY id LIMIT 5   [ RunTime:0.0016s ]
SQL: SELECT COUNT(*) AS tp_count FROM `queue` ORDER BY id LIMIT 1   [ RunTime:0.0013s ]
INFO: [ view_parse ] --START--
INFO: [ template_filter ] --START--
INFO: Run Behavior\ContentReplaceBehavior [ RunTime:0.000076s ]
INFO: [ template_filter ] --END-- [ RunTime:0.000156s ]
INFO: Run Behavior\ParseTemplateBehavior [ RunTime:0.012105s ]
INFO: [ view_parse ] --END-- [ RunTime:0.012210s ]
INFO: [ view_filter ] --START--
INFO: Run Behavior\WriteHtmlCacheBehavior [ RunTime:0.000646s ]
INFO: [ view_filter ] --END-- [ RunTime:0.000703s ]
INFO: [ app_end ] --START--
INFO: Run Behavior\ShowPageTraceBehavior [ RunTime:0.001003s ]
INFO: [ app_end ] --END-- [ RunTime:0.001044s ]

[ 2016-10-19T15:24:20+08:00 ] 127.0.0.1 /index.php/Index/index/p/2.html
INFO: [ app_init ] --START--
INFO: Run Behavior\BuildLiteBehavior [ RunTime:0.000010s ]
INFO: [ app_init ] --END-- [ RunTime:0.000332s ]
INFO: [ app_begin ] --START--
INFO: Run Behavior\ReadHtmlCacheBehavior [ RunTime:0.000451s ]
INFO: [ app_begin ] --END-- [ RunTime:0.000489s ]
SQL: SHOW COLUMNS FROM `queue` [ RunTime:0.0023s ]
NOTIC: [8] Undefined variable: _QUEST C:\vhosts\flag.dianhua.cn\Apps\Home\Controller\IndexController.class.php 第 10 行.
SQL: SHOW COLUMNS FROM `queue` [ RunTime:0.0027s ]
SQL: SELECT `id`,`name`,`num`,`download`,`created_time`,`created_ip`,`status`,`remark` FROM `queue` ORDER BY id LIMIT 5   [ RunTime:0.0022s ]
SQL: SELECT COUNT(*) AS tp_count FROM `queue` ORDER BY id LIMIT 1   [ RunTime:0.0019s ]
INFO: [ view_parse ] --START--
INFO: [ template_filter ] --START--
INFO: Run Behavior\ContentReplaceBehavior [ RunTime:0.000037s ]
INFO: [ template_filter ] --END-- [ RunTime:0.000070s ]
INFO: Run Behavior\ParseTemplateBehavior [ RunTime:0.011105s ]
INFO: [ view_parse ] --END-- [ RunTime:0.011168s ]
INFO: [ view_filter ] --START--
INFO: Run Behavior\WriteHtmlCacheBehavior [ RunTime:0.000297s ]
INFO: [ view_filter ] --END-- [ RunTime:0.000321s ]
INFO: [ app_end ] --START--
INFO: Run Behavior\ShowPageTraceBehavior [ RunTime:0.000455s ]
INFO: [ app_end ] --END-- [ RunTime:0.000483s ]

[ 2016-10-19T15:24:21+08:00 ] 127.0.0.1 /index.php/Index/static/css/bootstrap-theme.min.css
INFO: [ app_init ] --START--
INFO: Run Behavior\BuildLiteBehavior [ RunTime:0.000017s ]
INFO: [ app_init ] --END-- [ RunTime:0.000483s ]
INFO: [ app_begin ] --START--
INFO: Run Behavior\ReadHtmlCacheBehavior [ RunTime:0.000626s ]
INFO: [ app_begin ] --END-- [ RunTime:0.000689s ]
ERR: 非法操作:static

[ 2016-10-19T15:24:21+08:00 ] 127.0.0.1 /index.php/Index/static/css/bootstrap.min.css
INFO: [ app_init ] --START--
INFO: Run Behavior\BuildLiteBehavior [ RunTime:0.000020s ]
INFO: [ app_init ] --END-- [ RunTime:0.000698s ]
INFO: [ app_begin ] --START--
INFO: Run Behavior\ReadHtmlCacheBehavior [ RunTime:0.001084s ]
INFO: [ app_begin ] --END-- [ RunTime:0.001680s ]
ERR: 非法操作:static

[ 2016-10-19T15:24:43+08:00 ] 127.0.0.1 /index.php/Index/index/p/2.html
INFO: [ app_init ] --START--
INFO: Run Behavior\BuildLiteBehavior [ RunTime:0.000022s ]
INFO: [ app_init ] --END-- [ RunTime:0.000589s ]
INFO: [ app_begin ] --START--
INFO: Run Behavior\ReadHtmlCacheBehavior [ RunTime:0.001020s ]
INFO: [ app_begin ] --END-- [ RunTime:0.001123s ]
SQL: SHOW COLUMNS FROM `queue` [ RunTime:0.0029s ]
SQL: SHOW COLUMNS FROM `queue` [ RunTime:0.0023s ]
SQL: SELECT `id`,`name`,`num`,`download`,`created_time`,`created_ip`,`status`,`remark` FROM `queue` ORDER BY id LIMIT 5   [ RunTime:0.0013s ]
SQL: SELECT COUNT(*) AS tp_count FROM `queue` ORDER BY id LIMIT 1   [ RunTime:0.0012s ]
INFO: [ view_parse ] --START--
INFO: [ template_filter ] --START--
INFO: Run Behavior\ContentReplaceBehavior [ RunTime:0.000069s ]
INFO: [ template_filter ] --END-- [ RunTime:0.000170s ]
INFO: Run Behavior\ParseTemplateBehavior [ RunTime:0.010398s ]
INFO: [ view_parse ] --END-- [ RunTime:0.010481s ]
INFO: [ view_filter ] --START--
INFO: Run Behavior\WriteHtmlCacheBehavior [ RunTime:0.000698s ]
INFO: [ view_filter ] --END-- [ RunTime:0.000774s ]
INFO: [ app_end ] --START--
INFO: Run Behavior\ShowPageTraceBehavior [ RunTime:0.001216s ]
INFO: [ app_end ] --END-- [ RunTime:0.001307s ]

[ 2016-10-19T15:24:43+08:00 ] 127.0.0.1 /index.php/Index/static/css/bootstrap-theme.min.css
INFO: [ app_init ] --START--
INFO: Run Behavior\BuildLiteBehavior [ RunTime:0.000018s ]
INFO: [ app_init ] --END-- [ RunTime:0.000476s ]
INFO: [ app_begin ] --START--
INFO: Run Behavior\ReadHtmlCacheBehavior [ RunTime:0.000628s ]
INFO: [ app_begin ] --END-- [ RunTime:0.000703s ]
ERR: 非法操作:static

[ 2016-10-19T15:24:43+08:00 ] 127.0.0.1 /index.php/Index/static/css/bootstrap.min.css
INFO: [ app_init ] --START--
INFO: Run Behavior\BuildLiteBehavior [ RunTime:0.000015s ]
INFO: [ app_init ] --END-- [ RunTime:0.000471s ]
INFO: [ app_begin ] --START--
INFO: Run Behavior\ReadHtmlCacheBehavior [ RunTime:0.000714s ]
INFO: [ app_begin ] --END-- [ RunTime:0.000801s ]
ERR: 非法操作:static

[ 2016-10-19T15:26:52+08:00 ] 127.0.0.1 /index.php/Index
INFO: [ app_init ] --START--
INFO: Run Behavior\BuildLiteBehavior [ RunTime:0.000010s ]
INFO: [ app_init ] --END-- [ RunTime:0.000315s ]
INFO: [ app_begin ] --START--
INFO: Run Behavior\ReadHtmlCacheBehavior [ RunTime:0.000642s ]
INFO: [ app_begin ] --END-- [ RunTime:0.000681s ]
SQL: SHOW COLUMNS FROM `queue` [ RunTime:0.0039s ]
SQL: SHOW COLUMNS FROM `queue` [ RunTime:0.0025s ]
SQL: SELECT `id`,`name`,`num`,`download`,`created_time`,`created_ip`,`status`,`remark` FROM `queue` ORDER BY id LIMIT 5   [ RunTime:0.0015s ]
SQL: SELECT COUNT(*) AS tp_count FROM `queue` ORDER BY id LIMIT 1   [ RunTime:0.0015s ]
INFO: [ view_parse ] --START--
INFO: [ template_filter ] --START--
INFO: Run Behavior\ContentReplaceBehavior [ RunTime:0.000038s ]
INFO: [ template_filter ] --END-- [ RunTime:0.000069s ]
INFO: Run Behavior\ParseTemplateBehavior [ RunTime:0.009870s ]
INFO: [ view_parse ] --END-- [ RunTime:0.009943s ]
INFO: [ view_filter ] --START--
INFO: Run Behavior\WriteHtmlCacheBehavior [ RunTime:0.000309s ]
INFO: [ view_filter ] --END-- [ RunTime:0.000331s ]
INFO: [ app_end ] --START--
INFO: Run Behavior\ShowPageTraceBehavior [ RunTime:0.000505s ]
INFO: [ app_end ] --END-- [ RunTime:0.000532s ]

[ 2016-10-19T15:27:43+08:00 ] 127.0.0.1 /index.php/index/index.html
INFO: [ app_init ] --START--
INFO: Run Behavior\BuildLiteBehavior [ RunTime:0.000135s ]
INFO: [ app_init ] --END-- [ RunTime:0.001287s ]
INFO: [ app_begin ] --START--
INFO: Run Behavior\ReadHtmlCacheBehavior [ RunTime:0.000872s ]
INFO: [ app_begin ] --END-- [ RunTime:0.000974s ]
SQL: SHOW COLUMNS FROM `queue` [ RunTime:0.0041s ]
SQL: SHOW COLUMNS FROM `queue` [ RunTime:0.0122s ]
SQL: SELECT `id`,`name`,`num`,`download`,`created_time`,`created_ip`,`status`,`remark` FROM `queue` ORDER BY id LIMIT 2   [ RunTime:0.0023s ]
SQL: SELECT COUNT(*) AS tp_count FROM `queue` ORDER BY id LIMIT 1   [ RunTime:0.0023s ]
INFO: [ view_parse ] --START--
INFO: [ template_filter ] --START--
INFO: Run Behavior\ContentReplaceBehavior [ RunTime:0.000070s ]
INFO: [ template_filter ] --END-- [ RunTime:0.000191s ]
INFO: Run Behavior\ParseTemplateBehavior [ RunTime:0.011553s ]
INFO: [ view_parse ] --END-- [ RunTime:0.011624s ]
INFO: [ view_filter ] --START--
INFO: Run Behavior\WriteHtmlCacheBehavior [ RunTime:0.000562s ]
INFO: [ view_filter ] --END-- [ RunTime:0.000641s ]
INFO: [ app_end ] --START--
INFO: Run Behavior\ShowPageTraceBehavior [ RunTime:0.001178s ]
INFO: [ app_end ] --END-- [ RunTime:0.001290s ]

[ 2016-10-19T15:27:46+08:00 ] 127.0.0.1 /index.php/Index/index/p/2.html
INFO: [ app_init ] --START--
INFO: Run Behavior\BuildLiteBehavior [ RunTime:0.000011s ]
INFO: [ app_init ] --END-- [ RunTime:0.000375s ]
INFO: [ app_begin ] --START--
INFO: Run Behavior\ReadHtmlCacheBehavior [ RunTime:0.000562s ]
INFO: [ app_begin ] --END-- [ RunTime:0.000603s ]
SQL: SHOW COLUMNS FROM `queue` [ RunTime:0.0018s ]
SQL: SHOW COLUMNS FROM `queue` [ RunTime:0.0014s ]
SQL: SELECT `id`,`name`,`num`,`download`,`created_time`,`created_ip`,`status`,`remark` FROM `queue` ORDER BY id LIMIT 2,2   [ RunTime:0.0014s ]
SQL: SELECT COUNT(*) AS tp_count FROM `queue` ORDER BY id LIMIT 1   [ RunTime:0.0014s ]
INFO: [ view_parse ] --START--
INFO: [ template_filter ] --START--
INFO: Run Behavior\ContentReplaceBehavior [ RunTime:0.000032s ]
INFO: [ template_filter ] --END-- [ RunTime:0.000064s ]
INFO: Run Behavior\ParseTemplateBehavior [ RunTime:0.006299s ]
INFO: [ view_parse ] --END-- [ RunTime:0.006393s ]
INFO: [ view_filter ] --START--
INFO: Run Behavior\WriteHtmlCacheBehavior [ RunTime:0.000370s ]
INFO: [ view_filter ] --END-- [ RunTime:0.000401s ]
INFO: [ app_end ] --START--
INFO: Run Behavior\ShowPageTraceBehavior [ RunTime:0.000497s ]
INFO: [ app_end ] --END-- [ RunTime:0.000524s ]

[ 2016-10-19T15:27:47+08:00 ] 127.0.0.1 /index.php/Index/static/css/bootstrap-theme.min.css
INFO: [ app_init ] --START--
INFO: Run Behavior\BuildLiteBehavior [ RunTime:0.000013s ]
INFO: [ app_init ] --END-- [ RunTime:0.000424s ]
INFO: [ app_begin ] --START--
INFO: Run Behavior\ReadHtmlCacheBehavior [ RunTime:0.000598s ]
INFO: [ app_begin ] --END-- [ RunTime:0.000651s ]
ERR: 非法操作:static

[ 2016-10-19T15:27:47+08:00 ] 127.0.0.1 /index.php/Index/static/css/bootstrap.min.css
INFO: [ app_init ] --START--
INFO: Run Behavior\BuildLiteBehavior [ RunTime:0.000016s ]
INFO: [ app_init ] --END-- [ RunTime:0.000547s ]
INFO: [ app_begin ] --START--
INFO: Run Behavior\ReadHtmlCacheBehavior [ RunTime:0.000865s ]
INFO: [ app_begin ] --END-- [ RunTime:0.000946s ]
ERR: 非法操作:static

[ 2016-10-19T15:28:01+08:00 ] 127.0.0.1 /index.php/Index/static/css/bootstrap-theme.min.css
INFO: [ app_init ] --START--
INFO: Run Behavior\BuildLiteBehavior [ RunTime:0.000016s ]
INFO: [ app_init ] --END-- [ RunTime:0.000407s ]
INFO: [ app_begin ] --START--
INFO: Run Behavior\ReadHtmlCacheBehavior [ RunTime:0.000569s ]
INFO: [ app_begin ] --END-- [ RunTime:0.000629s ]
ERR: 非法操作:static

[ 2016-10-19T15:28:01+08:00 ] 127.0.0.1 /index.php/Index/static/css/bootstrap.min.css
INFO: [ app_init ] --START--
INFO: Run Behavior\BuildLiteBehavior [ RunTime:0.000015s ]
INFO: [ app_init ] --END-- [ RunTime:0.000450s ]
INFO: [ app_begin ] --START--
INFO: Run Behavior\ReadHtmlCacheBehavior [ RunTime:0.000674s ]
INFO: [ app_begin ] --END-- [ RunTime:0.000735s ]
ERR: 非法操作:static

[ 2016-10-19T15:28:24+08:00 ] 127.0.0.1 /index.php/Index/static/css/bootstrap-theme.min.css
INFO: [ app_init ] --START--
INFO: Run Behavior\BuildLiteBehavior [ RunTime:0.000010s ]
INFO: [ app_init ] --END-- [ RunTime:0.000294s ]
INFO: [ app_begin ] --START--
INFO: Run Behavior\ReadHtmlCacheBehavior [ RunTime:0.000374s ]
INFO: [ app_begin ] --END-- [ RunTime:0.000414s ]
ERR: 非法操作:static

[ 2016-10-19T15:29:17+08:00 ] 127.0.0.1 /index.php/Index/index/p/2.html
INFO: [ app_init ] --START--
INFO: Run Behavior\BuildLiteBehavior [ RunTime:0.000008s ]
INFO: [ app_init ] --END-- [ RunTime:0.000263s ]
INFO: [ app_begin ] --START--
INFO: Run Behavior\ReadHtmlCacheBehavior [ RunTime:0.000396s ]
INFO: [ app_begin ] --END-- [ RunTime:0.000424s ]
SQL: SHOW COLUMNS FROM `queue` [ RunTime:0.0021s ]
SQL: SHOW COLUMNS FROM `queue` [ RunTime:0.0015s ]
SQL: SELECT `id`,`name`,`num`,`download`,`created_time`,`created_ip`,`status`,`remark` FROM `queue` ORDER BY id LIMIT 2,2   [ RunTime:0.0013s ]
SQL: SELECT COUNT(*) AS tp_count FROM `queue` ORDER BY id LIMIT 1   [ RunTime:0.0014s ]
INFO: [ view_parse ] --START--
INFO: [ template_filter ] --START--
INFO: Run Behavior\ContentReplaceBehavior [ RunTime:0.000035s ]
INFO: [ template_filter ] --END-- [ RunTime:0.000067s ]
INFO: Run Behavior\ParseTemplateBehavior [ RunTime:0.006814s ]
INFO: [ view_parse ] --END-- [ RunTime:0.006873s ]
INFO: [ view_filter ] --START--
INFO: Run Behavior\WriteHtmlCacheBehavior [ RunTime:0.000334s ]
INFO: [ view_filter ] --END-- [ RunTime:0.000369s ]
INFO: [ app_end ] --START--
INFO: Run Behavior\ShowPageTraceBehavior [ RunTime:0.000941s ]
INFO: [ app_end ] --END-- [ RunTime:0.000984s ]

[ 2016-10-19T15:29:17+08:00 ] 127.0.0.1 /index.php/Index/static/css/bootstrap-theme.min.css
INFO: [ app_init ] --START--
INFO: Run Behavior\BuildLiteBehavior [ RunTime:0.000015s ]
INFO: [ app_init ] --END-- [ RunTime:0.000425s ]
INFO: [ app_begin ] --START--
INFO: Run Behavior\ReadHtmlCacheBehavior [ RunTime:0.000553s ]
INFO: [ app_begin ] --END-- [ RunTime:0.000608s ]
ERR: 非法操作:static

[ 2016-10-19T15:29:17+08:00 ] 127.0.0.1 /index.php/Index/static/css/bootstrap.min.css
INFO: [ app_init ] --START--
INFO: Run Behavior\BuildLiteBehavior [ RunTime:0.000009s ]
INFO: [ app_init ] --END-- [ RunTime:0.000309s ]
INFO: [ app_begin ] --START--
INFO: Run Behavior\ReadHtmlCacheBehavior [ RunTime:0.000645s ]
INFO: [ app_begin ] --END-- [ RunTime:0.000704s ]
ERR: 非法操作:static

[ 2016-10-19T15:29:22+08:00 ] 127.0.0.1 /index.php/Index/index/
INFO: [ app_init ] --START--
INFO: Run Behavior\BuildLiteBehavior [ RunTime:0.000018s ]
INFO: [ app_init ] --END-- [ RunTime:0.000281s ]
INFO: [ app_begin ] --START--
INFO: Run Behavior\ReadHtmlCacheBehavior [ RunTime:0.000380s ]
INFO: [ app_begin ] --END-- [ RunTime:0.000409s ]
SQL: SHOW COLUMNS FROM `queue` [ RunTime:0.0019s ]
SQL: SHOW COLUMNS FROM `queue` [ RunTime:0.0250s ]
SQL: SELECT `id`,`name`,`num`,`download`,`created_time`,`created_ip`,`status`,`remark` FROM `queue` ORDER BY id LIMIT 2   [ RunTime:0.0013s ]
SQL: SELECT COUNT(*) AS tp_count FROM `queue` ORDER BY id LIMIT 1   [ RunTime:0.0014s ]
INFO: [ view_parse ] --START--
INFO: [ template_filter ] --START--
INFO: Run Behavior\ContentReplaceBehavior [ RunTime:0.000035s ]
INFO: [ template_filter ] --END-- [ RunTime:0.000065s ]
INFO: Run Behavior\ParseTemplateBehavior [ RunTime:0.006790s ]
INFO: [ view_parse ] --END-- [ RunTime:0.006846s ]
INFO: [ view_filter ] --START--
INFO: Run Behavior\WriteHtmlCacheBehavior [ RunTime:0.000343s ]
INFO: [ view_filter ] --END-- [ RunTime:0.000366s ]
INFO: [ app_end ] --START--
INFO: Run Behavior\ShowPageTraceBehavior [ RunTime:0.000508s ]
INFO: [ app_end ] --END-- [ RunTime:0.000530s ]

[ 2016-10-19T15:29:22+08:00 ] 127.0.0.1 /index.php/static/css/bootstrap-theme.min.css
INFO: [ app_init ] --START--
INFO: Run Behavior\BuildLiteBehavior [ RunTime:0.000013s ]
INFO: [ app_init ] --END-- [ RunTime:0.000478s ]
INFO: [ app_begin ] --START--
INFO: Run Behavior\ReadHtmlCacheBehavior [ RunTime:0.000441s ]
INFO: [ app_begin ] --END-- [ RunTime:0.000481s ]
ERR: 无法加载控制器:Static

[ 2016-10-19T15:29:22+08:00 ] 127.0.0.1 /index.php/static/css/bootstrap.min.css
INFO: [ app_init ] --START--
INFO: Run Behavior\BuildLiteBehavior [ RunTime:0.000013s ]
INFO: [ app_init ] --END-- [ RunTime:0.000479s ]
INFO: [ app_begin ] --START--
INFO: Run Behavior\ReadHtmlCacheBehavior [ RunTime:0.000624s ]
INFO: [ app_begin ] --END-- [ RunTime:0.000672s ]
ERR: 无法加载控制器:Static

[ 2016-10-19T15:29:28+08:00 ] 127.0.0.1 /index.php/Index/
INFO: [ app_init ] --START--
INFO: Run Behavior\BuildLiteBehavior [ RunTime:0.000010s ]
INFO: [ app_init ] --END-- [ RunTime:0.000306s ]
INFO: [ app_begin ] --START--
INFO: Run Behavior\ReadHtmlCacheBehavior [ RunTime:0.000418s ]
INFO: [ app_begin ] --END-- [ RunTime:0.000461s ]
SQL: SHOW COLUMNS FROM `queue` [ RunTime:0.0073s ]
SQL: SHOW COLUMNS FROM `queue` [ RunTime:0.0042s ]
SQL: SELECT `id`,`name`,`num`,`download`,`created_time`,`created_ip`,`status`,`remark` FROM `queue` ORDER BY id LIMIT 2   [ RunTime:0.0013s ]
SQL: SELECT COUNT(*) AS tp_count FROM `queue` ORDER BY id LIMIT 1   [ RunTime:0.0012s ]
INFO: [ view_parse ] --START--
INFO: [ template_filter ] --START--
INFO: Run Behavior\ContentReplaceBehavior [ RunTime:0.000057s ]
INFO: [ template_filter ] --END-- [ RunTime:0.000109s ]
INFO: Run Behavior\ParseTemplateBehavior [ RunTime:0.015689s ]
INFO: [ view_parse ] --END-- [ RunTime:0.015763s ]
INFO: [ view_filter ] --START--
INFO: Run Behavior\WriteHtmlCacheBehavior [ RunTime:0.000349s ]
INFO: [ view_filter ] --END-- [ RunTime:0.000389s ]
INFO: [ app_end ] --START--
INFO: Run Behavior\ShowPageTraceBehavior [ RunTime:0.000650s ]
INFO: [ app_end ] --END-- [ RunTime:0.000700s ]

[ 2016-10-19T15:29:32+08:00 ] 127.0.0.1 /index.php/Index/index
INFO: [ app_init ] --START--
INFO: Run Behavior\BuildLiteBehavior [ RunTime:0.000009s ]
INFO: [ app_init ] --END-- [ RunTime:0.000299s ]
INFO: [ app_begin ] --START--
INFO: Run Behavior\ReadHtmlCacheBehavior [ RunTime:0.000385s ]
INFO: [ app_begin ] --END-- [ RunTime:0.000418s ]
SQL: SHOW COLUMNS FROM `queue` [ RunTime:0.0152s ]
SQL: SHOW COLUMNS FROM `queue` [ RunTime:0.0048s ]
SQL: SELECT `id`,`name`,`num`,`download`,`created_time`,`created_ip`,`status`,`remark` FROM `queue` ORDER BY id LIMIT 2   [ RunTime:0.0049s ]
SQL: SELECT COUNT(*) AS tp_count FROM `queue` ORDER BY id LIMIT 1   [ RunTime:0.0031s ]
INFO: [ view_parse ] --START--
INFO: [ template_filter ] --START--
INFO: Run Behavior\ContentReplaceBehavior [ RunTime:0.000037s ]
INFO: [ template_filter ] --END-- [ RunTime:0.000070s ]
INFO: Run Behavior\ParseTemplateBehavior [ RunTime:0.010461s ]
INFO: [ view_parse ] --END-- [ RunTime:0.010534s ]
INFO: [ view_filter ] --START--
INFO: Run Behavior\WriteHtmlCacheBehavior [ RunTime:0.000257s ]
INFO: [ view_filter ] --END-- [ RunTime:0.000290s ]
INFO: [ app_end ] --START--
INFO: Run Behavior\ShowPageTraceBehavior [ RunTime:0.000469s ]
INFO: [ app_end ] --END-- [ RunTime:0.000495s ]

[ 2016-10-19T15:29:37+08:00 ] 127.0.0.1 /index.php/Index/index/
INFO: [ app_init ] --START--
INFO: Run Behavior\BuildLiteBehavior [ RunTime:0.000010s ]
INFO: [ app_init ] --END-- [ RunTime:0.000321s ]
INFO: [ app_begin ] --START--
INFO: Run Behavior\ReadHtmlCacheBehavior [ RunTime:0.000470s ]
INFO: [ app_begin ] --END-- [ RunTime:0.000508s ]
SQL: SHOW COLUMNS FROM `queue` [ RunTime:0.0033s ]
SQL: SHOW COLUMNS FROM `queue` [ RunTime:0.0020s ]
SQL: SELECT `id`,`name`,`num`,`download`,`created_time`,`created_ip`,`status`,`remark` FROM `queue` ORDER BY id LIMIT 2   [ RunTime:0.0018s ]
SQL: SELECT COUNT(*) AS tp_count FROM `queue` ORDER BY id LIMIT 1   [ RunTime:0.0015s ]
INFO: [ view_parse ] --START--
INFO: [ template_filter ] --START--
INFO: Run Behavior\ContentReplaceBehavior [ RunTime:0.000035s ]
INFO: [ template_filter ] --END-- [ RunTime:0.000063s ]
INFO: Run Behavior\ParseTemplateBehavior [ RunTime:0.006071s ]
INFO: [ view_parse ] --END-- [ RunTime:0.006112s ]
INFO: [ view_filter ] --START--
INFO: Run Behavior\WriteHtmlCacheBehavior [ RunTime:0.000257s ]
INFO: [ view_filter ] --END-- [ RunTime:0.000282s ]
INFO: [ app_end ] --START--
INFO: Run Behavior\ShowPageTraceBehavior [ RunTime:0.000481s ]
INFO: [ app_end ] --END-- [ RunTime:0.000505s ]

[ 2016-10-19T15:29:37+08:00 ] 127.0.0.1 /index.php/static/css/bootstrap-theme.min.css
INFO: [ app_init ] --START--
INFO: Run Behavior\BuildLiteBehavior [ RunTime:0.000015s ]
INFO: [ app_init ] --END-- [ RunTime:0.000458s ]
INFO: [ app_begin ] --START--
INFO: Run Behavior\ReadHtmlCacheBehavior [ RunTime:0.000620s ]
INFO: [ app_begin ] --END-- [ RunTime:0.000673s ]
ERR: 无法加载控制器:Static

[ 2016-10-19T15:29:37+08:00 ] 127.0.0.1 /index.php/static/css/bootstrap.min.css
INFO: [ app_init ] --START--
INFO: Run Behavior\BuildLiteBehavior [ RunTime:0.000012s ]
INFO: [ app_init ] --END-- [ RunTime:0.000407s ]
INFO: [ app_begin ] --START--
INFO: Run Behavior\ReadHtmlCacheBehavior [ RunTime:0.000647s ]
INFO: [ app_begin ] --END-- [ RunTime:0.000718s ]
ERR: 无法加载控制器:Static

