[ 2016-10-08T09:50:13+08:00 ] 127.0.0.1 /Index/chaci?key=%E5%AE%9D%E9%A9%AC
INFO: [ app_init ] --START--
INFO: Run Behavior\BuildLiteBehavior [ RunTime:0.000014s ]
INFO: [ app_init ] --END-- [ RunTime:0.010718s ]
INFO: [ app_begin ] --START--
INFO: Run Behavior\ReadHtmlCacheBehavior [ RunTime:0.011813s ]
INFO: [ app_begin ] --END-- [ RunTime:0.011867s ]
NOTIC: [8] Undefined variable: param C:\vhosts\lookup.dianhua.cn\Apps\Home\Controller\IndexController.class.php 第 16 行.
NOTIC: [8] Undefined index: httpcode C:\vhosts\lookup.dianhua.cn\Apps\Home\Controller\IndexController.class.php 第 17 行.
NOTIC: [8] Undefined index: data C:\vhosts\lookup.dianhua.cn\Apps\Home\Controller\IndexController.class.php 第 33 行.
INFO: [ view_parse ] --START--
INFO: [ template_filter ] --START--
INFO: Run Behavior\ContentReplaceBehavior [ RunTime:0.000073s ]
INFO: [ template_filter ] --END-- [ RunTime:0.000107s ]
INFO: Run Behavior\ParseTemplateBehavior [ RunTime:0.136592s ]
INFO: [ view_parse ] --END-- [ RunTime:0.136665s ]
INFO: [ view_filter ] --START--
INFO: Run Behavior\WriteHtmlCacheBehavior [ RunTime:0.008824s ]
INFO: [ view_filter ] --END-- [ RunTime:0.008865s ]
INFO: [ app_end ] --START--
INFO: Run Behavior\ShowPageTraceBehavior [ RunTime:0.010744s ]
INFO: [ app_end ] --END-- [ RunTime:0.010809s ]

[ 2016-10-08T09:50:38+08:00 ] 127.0.0.1 /Index/chaci?key=%E5%AE%9D%E9%A9%AC
INFO: [ app_init ] --START--
INFO: Run Behavior\BuildLiteBehavior [ RunTime:0.000010s ]
INFO: [ app_init ] --END-- [ RunTime:0.000526s ]
INFO: [ app_begin ] --START--
INFO: Run Behavior\ReadHtmlCacheBehavior [ RunTime:0.000937s ]
INFO: [ app_begin ] --END-- [ RunTime:0.001006s ]
NOTIC: [8] Undefined variable: param C:\vhosts\lookup.dianhua.cn\Apps\Home\Controller\IndexController.class.php 第 16 行.
NOTIC: [8] Undefined index: httpcode C:\vhosts\lookup.dianhua.cn\Apps\Home\Controller\IndexController.class.php 第 17 行.
NOTIC: [8] Undefined index: data C:\vhosts\lookup.dianhua.cn\Apps\Home\Controller\IndexController.class.php 第 33 行.
INFO: [ view_parse ] --START--
INFO: [ template_filter ] --START--
INFO: Run Behavior\ContentReplaceBehavior [ RunTime:0.000097s ]
INFO: [ template_filter ] --END-- [ RunTime:0.000134s ]
INFO: Run Behavior\ParseTemplateBehavior [ RunTime:0.058908s ]
INFO: [ view_parse ] --END-- [ RunTime:0.059019s ]
INFO: [ view_filter ] --START--
INFO: Run Behavior\WriteHtmlCacheBehavior [ RunTime:0.000409s ]
INFO: [ view_filter ] --END-- [ RunTime:0.000439s ]
INFO: [ app_end ] --START--
INFO: Run Behavior\ShowPageTraceBehavior [ RunTime:0.000850s ]
INFO: [ app_end ] --END-- [ RunTime:0.000901s ]

[ 2016-10-08T09:52:34+08:00 ] 127.0.0.1 /Index/chaci?key=%E5%AE%9D%E9%A9%AC
INFO: [ app_init ] --START--
INFO: Run Behavior\BuildLiteBehavior [ RunTime:0.000012s ]
INFO: [ app_init ] --END-- [ RunTime:0.000430s ]
INFO: [ app_begin ] --START--
INFO: Run Behavior\ReadHtmlCacheBehavior [ RunTime:0.000923s ]
INFO: [ app_begin ] --END-- [ RunTime:0.000982s ]
NOTIC: [8] Undefined variable: param C:\vhosts\lookup.dianhua.cn\Apps\Home\Controller\IndexController.class.php 第 16 行.
NOTIC: [8] Undefined index: httpcode C:\vhosts\lookup.dianhua.cn\Apps\Home\Controller\IndexController.class.php 第 17 行.
NOTIC: [8] Undefined index: data C:\vhosts\lookup.dianhua.cn\Apps\Home\Controller\IndexController.class.php 第 33 行.
INFO: [ view_parse ] --START--
INFO: [ template_filter ] --START--
INFO: Run Behavior\ContentReplaceBehavior [ RunTime:0.000091s ]
INFO: [ template_filter ] --END-- [ RunTime:0.000146s ]
INFO: Run Behavior\ParseTemplateBehavior [ RunTime:0.052904s ]
INFO: [ view_parse ] --END-- [ RunTime:0.052990s ]
INFO: [ view_filter ] --START--
INFO: Run Behavior\WriteHtmlCacheBehavior [ RunTime:0.000618s ]
INFO: [ view_filter ] --END-- [ RunTime:0.000659s ]
INFO: [ app_end ] --START--
INFO: Run Behavior\ShowPageTraceBehavior [ RunTime:0.000914s ]
INFO: [ app_end ] --END-- [ RunTime:0.000975s ]

[ 2016-10-08T09:53:16+08:00 ] 127.0.0.1 /Index/chaci?key=%E5%AE%9D%E9%A9%AC
INFO: [ app_init ] --START--
INFO: Run Behavior\BuildLiteBehavior [ RunTime:0.000015s ]
INFO: [ app_init ] --END-- [ RunTime:0.000635s ]
INFO: [ app_begin ] --START--
INFO: Run Behavior\ReadHtmlCacheBehavior [ RunTime:0.000922s ]
INFO: [ app_begin ] --END-- [ RunTime:0.000976s ]
NOTIC: [8] Undefined variable: param C:\vhosts\lookup.dianhua.cn\Apps\Home\Controller\IndexController.class.php 第 16 行.
NOTIC: [8] Undefined index: httpcode C:\vhosts\lookup.dianhua.cn\Apps\Home\Controller\IndexController.class.php 第 18 行.
NOTIC: [8] Undefined index: data C:\vhosts\lookup.dianhua.cn\Apps\Home\Controller\IndexController.class.php 第 34 行.
INFO: [ view_parse ] --START--
INFO: [ template_filter ] --START--
INFO: Run Behavior\ContentReplaceBehavior [ RunTime:0.000082s ]
INFO: [ template_filter ] --END-- [ RunTime:0.000123s ]
INFO: Run Behavior\ParseTemplateBehavior [ RunTime:0.062677s ]
INFO: [ view_parse ] --END-- [ RunTime:0.062745s ]
INFO: [ view_filter ] --START--
INFO: Run Behavior\WriteHtmlCacheBehavior [ RunTime:0.000402s ]
INFO: [ view_filter ] --END-- [ RunTime:0.000429s ]
INFO: [ app_end ] --START--
INFO: Run Behavior\ShowPageTraceBehavior [ RunTime:0.001135s ]
INFO: [ app_end ] --END-- [ RunTime:0.001194s ]

