[ 2017-03-09T16:19:45+08:00 ] 127.0.0.1 /
INFO: [ app_init ] --START--
INFO: Run Behavior\BuildLiteBehavior [ RunTime:0.000016s ]
INFO: [ app_init ] --END-- [ RunTime:0.014435s ]
INFO: [ app_begin ] --START--
INFO: Run Behavior\ReadHtmlCacheBehavior [ RunTime:0.027602s ]
INFO: [ app_begin ] --END-- [ RunTime:0.027673s ]
ERR: SQLSTATE[HY000] [1049] Unknown database 'flag'

[ 2017-03-09T16:23:28+08:00 ] 127.0.0.1 /
INFO: [ app_init ] --START--
INFO: Run Behavior\BuildLiteBehavior [ RunTime:0.000058s ]
INFO: [ app_init ] --END-- [ RunTime:0.001218s ]
INFO: [ app_begin ] --START--
INFO: Run Behavior\ReadHtmlCacheBehavior [ RunTime:0.000694s ]
INFO: [ app_begin ] --END-- [ RunTime:0.000753s ]
ERR: SQLSTATE[HY000] [1049] Unknown database 'flag'

[ 2017-03-09T16:23:29+08:00 ] 127.0.0.1 /
INFO: [ app_init ] --START--
INFO: Run Behavior\BuildLiteBehavior [ RunTime:0.000024s ]
INFO: [ app_init ] --END-- [ RunTime:0.000629s ]
INFO: [ app_begin ] --START--
INFO: Run Behavior\ReadHtmlCacheBehavior [ RunTime:0.001292s ]
INFO: [ app_begin ] --END-- [ RunTime:0.001398s ]
ERR: SQLSTATE[HY000] [1049] Unknown database 'flag'

[ 2017-03-09T16:23:40+08:00 ] 127.0.0.1 /
INFO: [ app_init ] --START--
INFO: Run Behavior\BuildLiteBehavior [ RunTime:0.000014s ]
INFO: [ app_init ] --END-- [ RunTime:0.000442s ]
INFO: [ app_begin ] --START--
INFO: Run Behavior\ReadHtmlCacheBehavior [ RunTime:0.000732s ]
INFO: [ app_begin ] --END-- [ RunTime:0.000778s ]
NOTIC: [8] Undefined variable: res C:\vhosts\flag.dianhua.cn\Apps\Home\Controller\IndexController.class.php 第 19 行.
NOTIC: [2] Invalid argument supplied for foreach() C:\vhosts\flag.dianhua.cn\Apps\Home\Controller\IndexController.class.php 第 19 行.
NOTIC: [8] Undefined variable: res C:\vhosts\flag.dianhua.cn\Apps\Home\Controller\IndexController.class.php 第 23 行.
NOTIC: [8] Undefined variable: res C:\vhosts\flag.dianhua.cn\Apps\Home\Controller\IndexController.class.php 第 24 行.
NOTIC: [8] Undefined variable: res C:\vhosts\flag.dianhua.cn\Apps\Home\Controller\IndexController.class.php 第 26 行.
NOTIC: [8] Undefined variable: res C:\vhosts\flag.dianhua.cn\Apps\Home\Controller\IndexController.class.php 第 27 行.
INFO: [ view_parse ] --START--
INFO: [ template_filter ] --START--
INFO: Run Behavior\ContentReplaceBehavior [ RunTime:0.000085s ]
INFO: [ template_filter ] --END-- [ RunTime:0.000184s ]
INFO: Run Behavior\ParseTemplateBehavior [ RunTime:0.264175s ]
INFO: [ view_parse ] --END-- [ RunTime:0.264265s ]
INFO: [ view_filter ] --START--
INFO: Run Behavior\WriteHtmlCacheBehavior [ RunTime:0.027389s ]
INFO: [ view_filter ] --END-- [ RunTime:0.027451s ]
INFO: [ app_end ] --START--
INFO: Run Behavior\ShowPageTraceBehavior [ RunTime:0.041655s ]
INFO: [ app_end ] --END-- [ RunTime:0.041724s ]

[ 2017-03-09T16:23:43+08:00 ] 127.0.0.1 /index.php/index/uploadFile.html
INFO: [ app_init ] --START--
INFO: Run Behavior\BuildLiteBehavior [ RunTime:0.000022s ]
INFO: [ app_init ] --END-- [ RunTime:0.000620s ]
INFO: [ app_begin ] --START--
INFO: Run Behavior\ReadHtmlCacheBehavior [ RunTime:0.001091s ]
INFO: [ app_begin ] --END-- [ RunTime:0.001170s ]
INFO: [ view_parse ] --START--
INFO: [ template_filter ] --START--
INFO: Run Behavior\ContentReplaceBehavior [ RunTime:0.000052s ]
INFO: [ template_filter ] --END-- [ RunTime:0.000120s ]
INFO: Run Behavior\ParseTemplateBehavior [ RunTime:0.055361s ]
INFO: [ view_parse ] --END-- [ RunTime:0.055437s ]
INFO: [ view_filter ] --START--
INFO: Run Behavior\WriteHtmlCacheBehavior [ RunTime:0.000556s ]
INFO: [ view_filter ] --END-- [ RunTime:0.000599s ]
INFO: [ app_end ] --START--
INFO: Run Behavior\ShowPageTraceBehavior [ RunTime:0.000910s ]
INFO: [ app_end ] --END-- [ RunTime:0.000958s ]

[ 2017-03-09T16:23:46+08:00 ] 127.0.0.1 /index.php/index/upload.html
INFO: [ app_init ] --START--
INFO: Run Behavior\BuildLiteBehavior [ RunTime:0.000018s ]
INFO: [ app_init ] --END-- [ RunTime:0.000405s ]
INFO: [ app_begin ] --START--
INFO: Run Behavior\ReadHtmlCacheBehavior [ RunTime:0.000715s ]
INFO: [ app_begin ] --END-- [ RunTime:0.000771s ]
ERR: SQLSTATE[HY000] [1049] Unknown database 'flag'

[ 2017-03-09T16:23:48+08:00 ] 127.0.0.1 /index.php/index/index.html
INFO: [ app_init ] --START--
INFO: Run Behavior\BuildLiteBehavior [ RunTime:0.000013s ]
INFO: [ app_init ] --END-- [ RunTime:0.000368s ]
INFO: [ app_begin ] --START--
INFO: Run Behavior\ReadHtmlCacheBehavior [ RunTime:0.000646s ]
INFO: [ app_begin ] --END-- [ RunTime:0.000688s ]
NOTIC: [8] Undefined variable: res C:\vhosts\flag.dianhua.cn\Apps\Home\Controller\IndexController.class.php 第 19 行.
NOTIC: [2] Invalid argument supplied for foreach() C:\vhosts\flag.dianhua.cn\Apps\Home\Controller\IndexController.class.php 第 19 行.
NOTIC: [8] Undefined variable: res C:\vhosts\flag.dianhua.cn\Apps\Home\Controller\IndexController.class.php 第 23 行.
NOTIC: [8] Undefined variable: res C:\vhosts\flag.dianhua.cn\Apps\Home\Controller\IndexController.class.php 第 24 行.
NOTIC: [8] Undefined variable: res C:\vhosts\flag.dianhua.cn\Apps\Home\Controller\IndexController.class.php 第 26 行.
NOTIC: [8] Undefined variable: res C:\vhosts\flag.dianhua.cn\Apps\Home\Controller\IndexController.class.php 第 27 行.
INFO: [ view_parse ] --START--
INFO: [ template_filter ] --START--
INFO: Run Behavior\ContentReplaceBehavior [ RunTime:0.000043s ]
INFO: [ template_filter ] --END-- [ RunTime:0.000093s ]
INFO: Run Behavior\ParseTemplateBehavior [ RunTime:0.040377s ]
INFO: [ view_parse ] --END-- [ RunTime:0.040462s ]
INFO: [ view_filter ] --START--
INFO: Run Behavior\WriteHtmlCacheBehavior [ RunTime:0.000681s ]
INFO: [ view_filter ] --END-- [ RunTime:0.000733s ]
INFO: [ app_end ] --START--
INFO: Run Behavior\ShowPageTraceBehavior [ RunTime:0.000875s ]
INFO: [ app_end ] --END-- [ RunTime:0.000937s ]

[ 2017-03-09T16:23:49+08:00 ] 127.0.0.1 /index.php/index/index.html
INFO: [ app_init ] --START--
INFO: Run Behavior\BuildLiteBehavior [ RunTime:0.000014s ]
INFO: [ app_init ] --END-- [ RunTime:0.000502s ]
INFO: [ app_begin ] --START--
INFO: Run Behavior\ReadHtmlCacheBehavior [ RunTime:0.000653s ]
INFO: [ app_begin ] --END-- [ RunTime:0.000699s ]
NOTIC: [8] Undefined variable: res C:\vhosts\flag.dianhua.cn\Apps\Home\Controller\IndexController.class.php 第 19 行.
NOTIC: [2] Invalid argument supplied for foreach() C:\vhosts\flag.dianhua.cn\Apps\Home\Controller\IndexController.class.php 第 19 行.
NOTIC: [8] Undefined variable: res C:\vhosts\flag.dianhua.cn\Apps\Home\Controller\IndexController.class.php 第 23 行.
NOTIC: [8] Undefined variable: res C:\vhosts\flag.dianhua.cn\Apps\Home\Controller\IndexController.class.php 第 24 行.
NOTIC: [8] Undefined variable: res C:\vhosts\flag.dianhua.cn\Apps\Home\Controller\IndexController.class.php 第 26 行.
NOTIC: [8] Undefined variable: res C:\vhosts\flag.dianhua.cn\Apps\Home\Controller\IndexController.class.php 第 27 行.
INFO: [ view_parse ] --START--
INFO: [ template_filter ] --START--
INFO: Run Behavior\ContentReplaceBehavior [ RunTime:0.000193s ]
INFO: [ template_filter ] --END-- [ RunTime:0.000398s ]
INFO: Run Behavior\ParseTemplateBehavior [ RunTime:0.010767s ]
INFO: [ view_parse ] --END-- [ RunTime:0.010825s ]
INFO: [ view_filter ] --START--
INFO: Run Behavior\WriteHtmlCacheBehavior [ RunTime:0.000533s ]
INFO: [ view_filter ] --END-- [ RunTime:0.000598s ]
INFO: [ app_end ] --START--
INFO: Run Behavior\ShowPageTraceBehavior [ RunTime:0.000774s ]
INFO: [ app_end ] --END-- [ RunTime:0.000828s ]

[ 2017-03-09T16:23:50+08:00 ] 127.0.0.1 /index.php/index/index.html
INFO: [ app_init ] --START--
INFO: Run Behavior\BuildLiteBehavior [ RunTime:0.000026s ]
INFO: [ app_init ] --END-- [ RunTime:0.000367s ]
INFO: [ app_begin ] --START--
INFO: Run Behavior\ReadHtmlCacheBehavior [ RunTime:0.000788s ]
INFO: [ app_begin ] --END-- [ RunTime:0.000844s ]
NOTIC: [8] Undefined variable: res C:\vhosts\flag.dianhua.cn\Apps\Home\Controller\IndexController.class.php 第 19 行.
NOTIC: [2] Invalid argument supplied for foreach() C:\vhosts\flag.dianhua.cn\Apps\Home\Controller\IndexController.class.php 第 19 行.
NOTIC: [8] Undefined variable: res C:\vhosts\flag.dianhua.cn\Apps\Home\Controller\IndexController.class.php 第 23 行.
NOTIC: [8] Undefined variable: res C:\vhosts\flag.dianhua.cn\Apps\Home\Controller\IndexController.class.php 第 24 行.
NOTIC: [8] Undefined variable: res C:\vhosts\flag.dianhua.cn\Apps\Home\Controller\IndexController.class.php 第 26 行.
NOTIC: [8] Undefined variable: res C:\vhosts\flag.dianhua.cn\Apps\Home\Controller\IndexController.class.php 第 27 行.
INFO: [ view_parse ] --START--
INFO: [ template_filter ] --START--
INFO: Run Behavior\ContentReplaceBehavior [ RunTime:0.000085s ]
INFO: [ template_filter ] --END-- [ RunTime:0.000218s ]
INFO: Run Behavior\ParseTemplateBehavior [ RunTime:0.010329s ]
INFO: [ view_parse ] --END-- [ RunTime:0.010383s ]
INFO: [ view_filter ] --START--
INFO: Run Behavior\WriteHtmlCacheBehavior [ RunTime:0.000484s ]
INFO: [ view_filter ] --END-- [ RunTime:0.000529s ]
INFO: [ app_end ] --START--
INFO: Run Behavior\ShowPageTraceBehavior [ RunTime:0.000638s ]
INFO: [ app_end ] --END-- [ RunTime:0.000675s ]

